<?xml version="1.0" encoding="UTF-8" standalone="yes"?><!DOCTYPE report PUBLIC "-//JACOCO//DTD Report 1.0//EN" "report.dtd"><report name="JaCoCoverage analysis (powered by JaCoCo from EclEmma)"><sessioninfo id="oErbas-54055846" start="1482318137218" dump="1482318137822"/><sessioninfo id="oErbas-953d5e62" start="1482318138148" dump="1482318138613"/><sessioninfo id="oErbas-5104be42" start="1482318138873" dump="1482318139342"/><sessioninfo id="oErbas-13f335d3" start="1482318139598" dump="1482318140090"/><sessioninfo id="oErbas-ea40f3e0" start="1482318140511" dump="1482318140981"/><sessioninfo id="oErbas-148aff7d" start="1482318141247" dump="1482318141762"/><sessioninfo id="oErbas-1ceefdd0" start="1482318142008" dump="1482318142539"/><sessioninfo id="oErbas-59d057eb" start="1482318142837" dump="1482318153760"/><sessioninfo id="oErbas-82af200f" start="1482318154147" dump="1482318154647"/><package name="busreservartionsystemmm"><class name="busreservartionsystemmm/View$18"><method name="&lt;init&gt;" desc="(Lbusreservartionsystemmm/View;)V" line="625"><counter type="INSTRUCTION" missed="0" covered="6"/><counter type="LINE" missed="0" covered="1"/><counter type="COMPLEXITY" missed="0" covered="1"/><counter type="METHOD" missed="0" covered="1"/></method><method name="actionPerformed" desc="(Ljava/awt/event/ActionEvent;)V" line="627"><counter type="INSTRUCTION" missed="5" covered="0"/><counter type="LINE" missed="2" covered="0"/><counter type="COMPLEXITY" missed="1" covered="0"/><counter type="METHOD" missed="1" covered="0"/></method><counter type="INSTRUCTION" missed="5" covered="6"/><counter type="LINE" missed="2" covered="1"/><counter type="COMPLEXITY" missed="1" covered="1"/><counter type="METHOD" missed="1" covered="1"/><counter type="CLASS" missed="0" covered="1"/></class><class name="busreservartionsystemmm/View$6"><method name="&lt;init&gt;" desc="(Lbusreservartionsystemmm/View;)V" line="295"><counter type="INSTRUCTION" missed="0" covered="6"/><counter type="LINE" missed="0" covered="1"/><counter type="COMPLEXITY" missed="0" covered="1"/><counter type="METHOD" missed="0" covered="1"/></method><method name="actionPerformed" desc="(Ljava/awt/event/ActionEvent;)V" line="297"><counter type="INSTRUCTION" missed="5" covered="0"/><counter type="LINE" missed="2" covered="0"/><counter type="COMPLEXITY" missed="1" covered="0"/><counter type="METHOD" missed="1" covered="0"/></method><counter type="INSTRUCTION" missed="5" covered="6"/><counter type="LINE" missed="2" covered="1"/><counter type="COMPLEXITY" missed="1" covered="1"/><counter type="METHOD" missed="1" covered="1"/><counter type="CLASS" missed="0" covered="1"/></class><class name="busreservartionsystemmm/Model"><method name="&lt;init&gt;" desc="()V" line="22"><counter type="INSTRUCTION" missed="0" covered="8"/><counter type="LINE" missed="0" covered="2"/><counter type="COMPLEXITY" missed="0" covered="1"/><counter type="METHOD" missed="0" covered="1"/></method><method name="buySeat" desc="(IILjava/lang/String;Ljava/lang/String;ILjava/lang/String;)Z" line="160"><counter type="INSTRUCTION" missed="37" covered="9"/><counter type="BRANCH" missed="5" covered="1"/><counter type="LINE" missed="7" covered="2"/><counter type="COMPLEXITY" missed="3" covered="1"/><counter type="METHOD" missed="0" covered="1"/></method><method name="getBusWithId" desc="(I)Lbusreservartionsystemmm/Bus;" line="178"><counter type="INSTRUCTION" missed="11" covered="9"/><counter type="BRANCH" missed="3" covered="1"/><counter type="LINE" missed="3" covered="2"/><counter type="COMPLEXITY" missed="2" covered="1"/><counter type="METHOD" missed="0" covered="1"/></method><method name="addBus" desc="(ILjava/lang/String;IILjava/lang/String;Ljava/lang/String;ZZLjava/lang/String;Ljava/lang/String;)Z" line="188"><counter type="INSTRUCTION" missed="2" covered="45"/><counter type="BRANCH" missed="1" covered="3"/><counter type="LINE" missed="1" covered="8"/><counter type="COMPLEXITY" missed="1" covered="2"/><counter type="METHOD" missed="0" covered="1"/></method><method name="updateBus" desc="(ILjava/lang/String;IILjava/lang/String;Ljava/lang/String;ZZLjava/lang/String;Ljava/lang/String;)Z" line="223"><counter type="INSTRUCTION" missed="38" covered="9"/><counter type="BRANCH" missed="3" covered="1"/><counter type="LINE" missed="12" covered="2"/><counter type="COMPLEXITY" missed="2" covered="1"/><counter type="METHOD" missed="0" covered="1"/></method><method name="deleteBus" desc="(I)Z" line="246"><counter type="INSTRUCTION" missed="16" covered="9"/><counter type="BRANCH" missed="3" covered="1"/><counter type="LINE" missed="4" covered="2"/><counter type="COMPLEXITY" missed="2" covered="1"/><counter type="METHOD" missed="0" covered="1"/></method><method name="getBusList" desc="()Ljava/util/ArrayList;" line="256"><counter type="INSTRUCTION" missed="3" covered="0"/><counter type="LINE" missed="1" covered="0"/><counter type="COMPLEXITY" missed="1" covered="0"/><counter type="METHOD" missed="1" covered="0"/></method><method name="setBusList" desc="(Ljava/util/ArrayList;)V" line="260"><counter type="INSTRUCTION" missed="4" covered="0"/><counter type="LINE" missed="2" covered="0"/><counter type="COMPLEXITY" missed="1" covered="0"/><counter type="METHOD" missed="1" covered="0"/></method><counter type="INSTRUCTION" missed="111" covered="89"/><counter type="BRANCH" missed="15" covered="7"/><counter type="LINE" missed="30" covered="18"/><counter type="COMPLEXITY" missed="12" covered="7"/><counter type="METHOD" missed="2" covered="6"/><counter type="CLASS" missed="0" covered="1"/></class><class name="busreservartionsystemmm/View$19"><method name="&lt;init&gt;" desc="(Lbusreservartionsystemmm/View;)V" line="761"><counter type="INSTRUCTION" missed="0" covered="6"/><counter type="LINE" missed="0" covered="1"/><counter type="COMPLEXITY" missed="0" covered="1"/><counter type="METHOD" missed="0" covered="1"/></method><method name="actionPerformed" desc="(Ljava/awt/event/ActionEvent;)V" line="763"><counter type="INSTRUCTION" missed="5" covered="0"/><counter type="LINE" missed="2" covered="0"/><counter type="COMPLEXITY" missed="1" covered="0"/><counter type="METHOD" missed="1" covered="0"/></method><counter type="INSTRUCTION" missed="5" covered="6"/><counter type="LINE" missed="2" covered="1"/><counter type="COMPLEXITY" missed="1" covered="1"/><counter type="METHOD" missed="1" covered="1"/><counter type="CLASS" missed="0" covered="1"/></class><class name="busreservartionsystemmm/View$5"><method name="&lt;init&gt;" desc="(Lbusreservartionsystemmm/View;)V" line="214"><counter type="INSTRUCTION" missed="0" covered="6"/><counter type="LINE" missed="0" covered="1"/><counter type="COMPLEXITY" missed="0" covered="1"/><counter type="METHOD" missed="0" covered="1"/></method><method name="actionPerformed" desc="(Ljava/awt/event/ActionEvent;)V" line="216"><counter type="INSTRUCTION" missed="5" covered="0"/><counter type="LINE" missed="2" covered="0"/><counter type="COMPLEXITY" missed="1" covered="0"/><counter type="METHOD" missed="1" covered="0"/></method><counter type="INSTRUCTION" missed="5" covered="6"/><counter type="LINE" missed="2" covered="1"/><counter type="COMPLEXITY" missed="1" covered="1"/><counter type="METHOD" missed="1" covered="1"/><counter type="CLASS" missed="0" covered="1"/></class><class name="busreservartionsystemmm/Controller$selectButtonListener"><method name="&lt;init&gt;" desc="(Lbusreservartionsystemmm/Controller;)V" line="41"><counter type="INSTRUCTION" missed="6" covered="0"/><counter type="LINE" missed="1" covered="0"/><counter type="COMPLEXITY" missed="1" covered="0"/><counter type="METHOD" missed="1" covered="0"/></method><method name="actionPerformed" desc="(Ljava/awt/event/ActionEvent;)V" line="45"><counter type="INSTRUCTION" missed="59" covered="0"/><counter type="BRANCH" missed="4" covered="0"/><counter type="LINE" missed="12" covered="0"/><counter type="COMPLEXITY" missed="3" covered="0"/><counter type="METHOD" missed="1" covered="0"/></method><counter type="INSTRUCTION" missed="65" covered="0"/><counter type="BRANCH" missed="4" covered="0"/><counter type="LINE" missed="13" covered="0"/><counter type="COMPLEXITY" missed="4" covered="0"/><counter type="METHOD" missed="2" covered="0"/><counter type="CLASS" missed="1" covered="0"/></class><class name="busreservartionsystemmm/View$8"><method name="&lt;init&gt;" desc="(Lbusreservartionsystemmm/View;)V" line="381"><counter type="INSTRUCTION" missed="0" covered="6"/><counter type="LINE" missed="0" covered="1"/><counter type="COMPLEXITY" missed="0" covered="1"/><counter type="METHOD" missed="0" covered="1"/></method><method name="actionPerformed" desc="(Ljava/awt/event/ActionEvent;)V" line="383"><counter type="INSTRUCTION" missed="5" covered="0"/><counter type="LINE" missed="2" covered="0"/><counter type="COMPLEXITY" missed="1" covered="0"/><counter type="METHOD" missed="1" covered="0"/></method><counter type="INSTRUCTION" missed="5" covered="6"/><counter type="LINE" missed="2" covered="1"/><counter type="COMPLEXITY" missed="1" covered="1"/><counter type="METHOD" missed="1" covered="1"/><counter type="CLASS" missed="0" covered="1"/></class><class name="busreservartionsystemmm/View$7"><method name="&lt;init&gt;" desc="(Lbusreservartionsystemmm/View;)V" line="304"><counter type="INSTRUCTION" missed="0" covered="6"/><counter type="LINE" missed="0" covered="1"/><counter type="COMPLEXITY" missed="0" covered="1"/><counter type="METHOD" missed="0" covered="1"/></method><method name="actionPerformed" desc="(Ljava/awt/event/ActionEvent;)V" line="306"><counter type="INSTRUCTION" missed="5" covered="0"/><counter type="LINE" missed="2" covered="0"/><counter type="COMPLEXITY" missed="1" covered="0"/><counter type="METHOD" missed="1" covered="0"/></method><counter type="INSTRUCTION" missed="5" covered="6"/><counter type="LINE" missed="2" covered="1"/><counter type="COMPLEXITY" missed="1" covered="1"/><counter type="METHOD" missed="1" covered="1"/><counter type="CLASS" missed="0" covered="1"/></class><class name="busreservartionsystemmm/View$14"><method name="&lt;init&gt;" desc="(Lbusreservartionsystemmm/View;)V" line="588"><counter type="INSTRUCTION" missed="0" covered="6"/><counter type="LINE" missed="0" covered="1"/><counter type="COMPLEXITY" missed="0" covered="1"/><counter type="METHOD" missed="0" covered="1"/></method><method name="actionPerformed" desc="(Ljava/awt/event/ActionEvent;)V" line="590"><counter type="INSTRUCTION" missed="5" covered="0"/><counter type="LINE" missed="2" covered="0"/><counter type="COMPLEXITY" missed="1" covered="0"/><counter type="METHOD" missed="1" covered="0"/></method><counter type="INSTRUCTION" missed="5" covered="6"/><counter type="LINE" missed="2" covered="1"/><counter type="COMPLEXITY" missed="1" covered="1"/><counter type="METHOD" missed="1" covered="1"/><counter type="CLASS" missed="0" covered="1"/></class><class name="busreservartionsystemmm/Bus"><method name="&lt;init&gt;" desc="()V" line="25"><counter type="INSTRUCTION" missed="3" covered="0"/><counter type="LINE" missed="2" covered="0"/><counter type="COMPLEXITY" missed="1" covered="0"/><counter type="METHOD" missed="1" covered="0"/></method><method name="getSeats" desc="()[Lbusreservartionsystemmm/BusSeat;" line="30"><counter type="INSTRUCTION" missed="0" covered="3"/><counter type="LINE" missed="0" covered="1"/><counter type="COMPLEXITY" missed="0" covered="1"/><counter type="METHOD" missed="0" covered="1"/></method><method name="setSeats" desc="([Lbusreservartionsystemmm/BusSeat;)V" line="34"><counter type="INSTRUCTION" missed="4" covered="0"/><counter type="LINE" missed="2" covered="0"/><counter type="COMPLEXITY" missed="1" covered="0"/><counter type="METHOD" missed="1" covered="0"/></method><method name="getId" desc="()I" line="38"><counter type="INSTRUCTION" missed="3" covered="0"/><counter type="LINE" missed="1" covered="0"/><counter type="COMPLEXITY" missed="1" covered="0"/><counter type="METHOD" missed="1" covered="0"/></method><method name="setId" desc="(I)V" line="42"><counter type="INSTRUCTION" missed="4" covered="0"/><counter type="LINE" missed="2" covered="0"/><counter type="COMPLEXITY" missed="1" covered="0"/><counter type="METHOD" missed="1" covered="0"/></method><method name="getName" desc="()Ljava/lang/String;" line="46"><counter type="INSTRUCTION" missed="3" covered="0"/><counter type="LINE" missed="1" covered="0"/><counter type="COMPLEXITY" missed="1" covered="0"/><counter type="METHOD" missed="1" covered="0"/></method><method name="setName" desc="(Ljava/lang/String;)V" line="50"><counter type="INSTRUCTION" missed="4" covered="0"/><counter type="LINE" missed="2" covered="0"/><counter type="COMPLEXITY" missed="1" covered="0"/><counter type="METHOD" missed="1" covered="0"/></method><method name="getTimeHour" desc="()I" line="54"><counter type="INSTRUCTION" missed="3" covered="0"/><counter type="LINE" missed="1" covered="0"/><counter type="COMPLEXITY" missed="1" covered="0"/><counter type="METHOD" missed="1" covered="0"/></method><method name="setTimeHour" desc="(I)V" line="58"><counter type="INSTRUCTION" missed="4" covered="0"/><counter type="LINE" missed="2" covered="0"/><counter type="COMPLEXITY" missed="1" covered="0"/><counter type="METHOD" missed="1" covered="0"/></method><method name="getTimeMin" desc="()I" line="62"><counter type="INSTRUCTION" missed="3" covered="0"/><counter type="LINE" missed="1" covered="0"/><counter type="COMPLEXITY" missed="1" covered="0"/><counter type="METHOD" missed="1" covered="0"/></method><method name="setTimeMin" desc="(I)V" line="66"><counter type="INSTRUCTION" missed="4" covered="0"/><counter type="LINE" missed="2" covered="0"/><counter type="COMPLEXITY" missed="1" covered="0"/><counter type="METHOD" missed="1" covered="0"/></method><method name="getTo" desc="()Ljava/lang/String;" line="70"><counter type="INSTRUCTION" missed="3" covered="0"/><counter type="LINE" missed="1" covered="0"/><counter type="COMPLEXITY" missed="1" covered="0"/><counter type="METHOD" missed="1" covered="0"/></method><method name="setTo" desc="(Ljava/lang/String;)V" line="74"><counter type="INSTRUCTION" missed="4" covered="0"/><counter type="LINE" missed="2" covered="0"/><counter type="COMPLEXITY" missed="1" covered="0"/><counter type="METHOD" missed="1" covered="0"/></method><method name="getFrom" desc="()Ljava/lang/String;" line="78"><counter type="INSTRUCTION" missed="3" covered="0"/><counter type="LINE" missed="1" covered="0"/><counter type="COMPLEXITY" missed="1" covered="0"/><counter type="METHOD" missed="1" covered="0"/></method><method name="setFrom" desc="(Ljava/lang/String;)V" line="82"><counter type="INSTRUCTION" missed="4" covered="0"/><counter type="LINE" missed="2" covered="0"/><counter type="COMPLEXITY" missed="1" covered="0"/><counter type="METHOD" missed="1" covered="0"/></method><method name="isWireless" desc="()Z" line="86"><counter type="INSTRUCTION" missed="3" covered="0"/><counter type="LINE" missed="1" covered="0"/><counter type="COMPLEXITY" missed="1" covered="0"/><counter type="METHOD" missed="1" covered="0"/></method><method name="setWireless" desc="(Z)V" line="90"><counter type="INSTRUCTION" missed="4" covered="0"/><counter type="LINE" missed="2" covered="0"/><counter type="COMPLEXITY" missed="1" covered="0"/><counter type="METHOD" missed="1" covered="0"/></method><method name="isTv" desc="()Z" line="94"><counter type="INSTRUCTION" missed="3" covered="0"/><counter type="LINE" missed="1" covered="0"/><counter type="COMPLEXITY" missed="1" covered="0"/><counter type="METHOD" missed="1" covered="0"/></method><method name="setTv" desc="(Z)V" line="98"><counter type="INSTRUCTION" missed="4" covered="0"/><counter type="LINE" missed="2" covered="0"/><counter type="COMPLEXITY" missed="1" covered="0"/><counter type="METHOD" missed="1" covered="0"/></method><method name="getJourneyDate" desc="()Ljava/lang/String;" line="102"><counter type="INSTRUCTION" missed="3" covered="0"/><counter type="LINE" missed="1" covered="0"/><counter type="COMPLEXITY" missed="1" covered="0"/><counter type="METHOD" missed="1" covered="0"/></method><method name="setJourneyDate" desc="(Ljava/lang/String;)V" line="106"><counter type="INSTRUCTION" missed="4" covered="0"/><counter type="LINE" missed="2" covered="0"/><counter type="COMPLEXITY" missed="1" covered="0"/><counter type="METHOD" missed="1" covered="0"/></method><method name="getReturnDate" desc="()Ljava/lang/String;" line="110"><counter type="INSTRUCTION" missed="3" covered="0"/><counter type="LINE" missed="1" covered="0"/><counter type="COMPLEXITY" missed="1" covered="0"/><counter type="METHOD" missed="1" covered="0"/></method><method name="setReturnDate" desc="(Ljava/lang/String;)V" line="114"><counter type="INSTRUCTION" missed="4" covered="0"/><counter type="LINE" missed="2" covered="0"/><counter type="COMPLEXITY" missed="1" covered="0"/><counter type="METHOD" missed="1" covered="0"/></method><method name="&lt;init&gt;" desc="(ILjava/lang/String;IILjava/lang/String;Ljava/lang/String;ZZLjava/lang/String;Ljava/lang/String;)V" line="117"><counter type="INSTRUCTION" missed="0" covered="37"/><counter type="LINE" missed="0" covered="13"/><counter type="COMPLEXITY" missed="0" covered="1"/><counter type="METHOD" missed="0" covered="1"/></method><method name="toString" desc="()Ljava/lang/String;" line="133"><counter type="INSTRUCTION" missed="57" covered="0"/><counter type="LINE" missed="1" covered="0"/><counter type="COMPLEXITY" missed="1" covered="0"/><counter type="METHOD" missed="1" covered="0"/></method><counter type="INSTRUCTION" missed="134" covered="40"/><counter type="LINE" missed="35" covered="14"/><counter type="COMPLEXITY" missed="23" covered="2"/><counter type="METHOD" missed="23" covered="2"/><counter type="CLASS" missed="0" covered="1"/></class><class name="busreservartionsystemmm/View$15"><method name="&lt;init&gt;" desc="(Lbusreservartionsystemmm/View;)V" line="595"><counter type="INSTRUCTION" missed="0" covered="6"/><counter type="LINE" missed="0" covered="1"/><counter type="COMPLEXITY" missed="0" covered="1"/><counter type="METHOD" missed="0" covered="1"/></method><method name="actionPerformed" desc="(Ljava/awt/event/ActionEvent;)V" line="597"><counter type="INSTRUCTION" missed="5" covered="0"/><counter type="LINE" missed="2" covered="0"/><counter type="COMPLEXITY" missed="1" covered="0"/><counter type="METHOD" missed="1" covered="0"/></method><counter type="INSTRUCTION" missed="5" covered="6"/><counter type="LINE" missed="2" covered="1"/><counter type="COMPLEXITY" missed="1" covered="1"/><counter type="METHOD" missed="1" covered="1"/><counter type="CLASS" missed="0" covered="1"/></class><class name="busreservartionsystemmm/View$9"><method name="&lt;init&gt;" desc="(Lbusreservartionsystemmm/View;)V" line="423"><counter type="INSTRUCTION" missed="0" covered="6"/><counter type="LINE" missed="0" covered="1"/><counter type="COMPLEXITY" missed="0" covered="1"/><counter type="METHOD" missed="0" covered="1"/></method><method name="actionPerformed" desc="(Ljava/awt/event/ActionEvent;)V" line="425"><counter type="INSTRUCTION" missed="5" covered="0"/><counter type="LINE" missed="2" covered="0"/><counter type="COMPLEXITY" missed="1" covered="0"/><counter type="METHOD" missed="1" covered="0"/></method><counter type="INSTRUCTION" missed="5" covered="6"/><counter type="LINE" missed="2" covered="1"/><counter type="COMPLEXITY" missed="1" covered="1"/><counter type="METHOD" missed="1" covered="1"/><counter type="CLASS" missed="0" covered="1"/></class><class name="busreservartionsystemmm/View$16"><method name="&lt;init&gt;" desc="(Lbusreservartionsystemmm/View;)V" line="602"><counter type="INSTRUCTION" missed="0" covered="6"/><counter type="LINE" missed="0" covered="1"/><counter type="COMPLEXITY" missed="0" covered="1"/><counter type="METHOD" missed="0" covered="1"/></method><method name="actionPerformed" desc="(Ljava/awt/event/ActionEvent;)V" line="604"><counter type="INSTRUCTION" missed="5" covered="0"/><counter type="LINE" missed="2" covered="0"/><counter type="COMPLEXITY" missed="1" covered="0"/><counter type="METHOD" missed="1" covered="0"/></method><counter type="INSTRUCTION" missed="5" covered="6"/><counter type="LINE" missed="2" covered="1"/><counter type="COMPLEXITY" missed="1" covered="1"/><counter type="METHOD" missed="1" covered="1"/><counter type="CLASS" missed="0" covered="1"/></class><class name="busreservartionsystemmm/View$17"><method name="&lt;init&gt;" desc="(Lbusreservartionsystemmm/View;)V" line="618"><counter type="INSTRUCTION" missed="0" covered="6"/><counter type="LINE" missed="0" covered="1"/><counter type="COMPLEXITY" missed="0" covered="1"/><counter type="METHOD" missed="0" covered="1"/></method><method name="actionPerformed" desc="(Ljava/awt/event/ActionEvent;)V" line="620"><counter type="INSTRUCTION" missed="5" covered="0"/><counter type="LINE" missed="2" covered="0"/><counter type="COMPLEXITY" missed="1" covered="0"/><counter type="METHOD" missed="1" covered="0"/></method><counter type="INSTRUCTION" missed="5" covered="6"/><counter type="LINE" missed="2" covered="1"/><counter type="COMPLEXITY" missed="1" covered="1"/><counter type="METHOD" missed="1" covered="1"/><counter type="CLASS" missed="0" covered="1"/></class><class name="busreservartionsystemmm/Controller"><method name="&lt;init&gt;" desc="(Lbusreservartionsystemmm/Model;Lbusreservartionsystemmm/View;)V" line="29"><counter type="INSTRUCTION" missed="51" covered="0"/><counter type="LINE" missed="10" covered="0"/><counter type="COMPLEXITY" missed="1" covered="0"/><counter type="METHOD" missed="1" covered="0"/></method><counter type="INSTRUCTION" missed="51" covered="0"/><counter type="LINE" missed="10" covered="0"/><counter type="COMPLEXITY" missed="1" covered="0"/><counter type="METHOD" missed="1" covered="0"/><counter type="CLASS" missed="1" covered="0"/></class><class name="busreservartionsystemmm/Controller$addListener"><method name="&lt;init&gt;" desc="(Lbusreservartionsystemmm/Controller;)V" line="129"><counter type="INSTRUCTION" missed="6" covered="0"/><counter type="LINE" missed="1" covered="0"/><counter type="COMPLEXITY" missed="1" covered="0"/><counter type="METHOD" missed="1" covered="0"/></method><method name="actionPerformed" desc="(Ljava/awt/event/ActionEvent;)V" line="133"><counter type="INSTRUCTION" missed="283" covered="0"/><counter type="BRANCH" missed="16" covered="0"/><counter type="LINE" missed="30" covered="0"/><counter type="COMPLEXITY" missed="9" covered="0"/><counter type="METHOD" missed="1" covered="0"/></method><counter type="INSTRUCTION" missed="289" covered="0"/><counter type="BRANCH" missed="16" covered="0"/><counter type="LINE" missed="31" covered="0"/><counter type="COMPLEXITY" missed="10" covered="0"/><counter type="METHOD" missed="2" covered="0"/><counter type="CLASS" missed="1" covered="0"/></class><class name="busreservartionsystemmm/View$2"><method name="&lt;init&gt;" desc="(Lbusreservartionsystemmm/View;)V" line="174"><counter type="INSTRUCTION" missed="0" covered="6"/><counter type="LINE" missed="0" covered="1"/><counter type="COMPLEXITY" missed="0" covered="1"/><counter type="METHOD" missed="0" covered="1"/></method><method name="actionPerformed" desc="(Ljava/awt/event/ActionEvent;)V" line="176"><counter type="INSTRUCTION" missed="5" covered="0"/><counter type="LINE" missed="2" covered="0"/><counter type="COMPLEXITY" missed="1" covered="0"/><counter type="METHOD" missed="1" covered="0"/></method><counter type="INSTRUCTION" missed="5" covered="6"/><counter type="LINE" missed="2" covered="1"/><counter type="COMPLEXITY" missed="1" covered="1"/><counter type="METHOD" missed="1" covered="1"/><counter type="CLASS" missed="0" covered="1"/></class><class name="busreservartionsystemmm/View$1"><method name="&lt;init&gt;" desc="(Lbusreservartionsystemmm/View;)V" line="162"><counter type="INSTRUCTION" missed="0" covered="6"/><counter type="LINE" missed="0" covered="1"/><counter type="COMPLEXITY" missed="0" covered="1"/><counter type="METHOD" missed="0" covered="1"/></method><method name="actionPerformed" desc="(Ljava/awt/event/ActionEvent;)V" line="164"><counter type="INSTRUCTION" missed="5" covered="0"/><counter type="LINE" missed="2" covered="0"/><counter type="COMPLEXITY" missed="1" covered="0"/><counter type="METHOD" missed="1" covered="0"/></method><counter type="INSTRUCTION" missed="5" covered="6"/><counter type="LINE" missed="2" covered="1"/><counter type="COMPLEXITY" missed="1" covered="1"/><counter type="METHOD" missed="1" covered="1"/><counter type="CLASS" missed="0" covered="1"/></class><class name="busreservartionsystemmm/View$4"><method name="&lt;init&gt;" desc="(Lbusreservartionsystemmm/View;)V" line="198"><counter type="INSTRUCTION" missed="0" covered="6"/><counter type="LINE" missed="0" covered="1"/><counter type="COMPLEXITY" missed="0" covered="1"/><counter type="METHOD" missed="0" covered="1"/></method><method name="actionPerformed" desc="(Ljava/awt/event/ActionEvent;)V" line="200"><counter type="INSTRUCTION" missed="5" covered="0"/><counter type="LINE" missed="2" covered="0"/><counter type="COMPLEXITY" missed="1" covered="0"/><counter type="METHOD" missed="1" covered="0"/></method><counter type="INSTRUCTION" missed="5" covered="6"/><counter type="LINE" missed="2" covered="1"/><counter type="COMPLEXITY" missed="1" covered="1"/><counter type="METHOD" missed="1" covered="1"/><counter type="CLASS" missed="0" covered="1"/></class><class name="busreservartionsystemmm/View$3"><method name="&lt;init&gt;" desc="(Lbusreservartionsystemmm/View;)V" line="184"><counter type="INSTRUCTION" missed="0" covered="6"/><counter type="LINE" missed="0" covered="1"/><counter type="COMPLEXITY" missed="0" covered="1"/><counter type="METHOD" missed="0" covered="1"/></method><method name="actionPerformed" desc="(Ljava/awt/event/ActionEvent;)V" line="186"><counter type="INSTRUCTION" missed="5" covered="0"/><counter type="LINE" missed="2" covered="0"/><counter type="COMPLEXITY" missed="1" covered="0"/><counter type="METHOD" missed="1" covered="0"/></method><counter type="INSTRUCTION" missed="5" covered="6"/><counter type="LINE" missed="2" covered="1"/><counter type="COMPLEXITY" missed="1" covered="1"/><counter type="METHOD" missed="1" covered="1"/><counter type="CLASS" missed="0" covered="1"/></class><class name="busreservartionsystemmm/Controller$deleteListener"><method name="&lt;init&gt;" desc="(Lbusreservartionsystemmm/Controller;)V" line="179"><counter type="INSTRUCTION" missed="6" covered="0"/><counter type="LINE" missed="1" covered="0"/><counter type="COMPLEXITY" missed="1" covered="0"/><counter type="METHOD" missed="1" covered="0"/></method><method name="actionPerformed" desc="(Ljava/awt/event/ActionEvent;)V" line="183"><counter type="INSTRUCTION" missed="126" covered="0"/><counter type="BRANCH" missed="10" covered="0"/><counter type="LINE" missed="14" covered="0"/><counter type="COMPLEXITY" missed="6" covered="0"/><counter type="METHOD" missed="1" covered="0"/></method><counter type="INSTRUCTION" missed="132" covered="0"/><counter type="BRANCH" missed="10" covered="0"/><counter type="LINE" missed="15" covered="0"/><counter type="COMPLEXITY" missed="7" covered="0"/><counter type="METHOD" missed="2" covered="0"/><counter type="CLASS" missed="1" covered="0"/></class><class name="busreservartionsystemmm/View$10"><method name="&lt;init&gt;" desc="(Lbusreservartionsystemmm/View;)V" line="430"><counter type="INSTRUCTION" missed="0" covered="6"/><counter type="LINE" missed="0" covered="1"/><counter type="COMPLEXITY" missed="0" covered="1"/><counter type="METHOD" missed="0" covered="1"/></method><method name="actionPerformed" desc="(Ljava/awt/event/ActionEvent;)V" line="432"><counter type="INSTRUCTION" missed="5" covered="0"/><counter type="LINE" missed="2" covered="0"/><counter type="COMPLEXITY" missed="1" covered="0"/><counter type="METHOD" missed="1" covered="0"/></method><counter type="INSTRUCTION" missed="5" covered="6"/><counter type="LINE" missed="2" covered="1"/><counter type="COMPLEXITY" missed="1" covered="1"/><counter type="METHOD" missed="1" covered="1"/><counter type="CLASS" missed="0" covered="1"/></class><class name="busreservartionsystemmm/View$11"><method name="&lt;init&gt;" desc="(Lbusreservartionsystemmm/View;)V" line="499"><counter type="INSTRUCTION" missed="0" covered="6"/><counter type="LINE" missed="0" covered="1"/><counter type="COMPLEXITY" missed="0" covered="1"/><counter type="METHOD" missed="0" covered="1"/></method><method name="actionPerformed" desc="(Ljava/awt/event/ActionEvent;)V" line="501"><counter type="INSTRUCTION" missed="5" covered="0"/><counter type="LINE" missed="2" covered="0"/><counter type="COMPLEXITY" missed="1" covered="0"/><counter type="METHOD" missed="1" covered="0"/></method><counter type="INSTRUCTION" missed="5" covered="6"/><counter type="LINE" missed="2" covered="1"/><counter type="COMPLEXITY" missed="1" covered="1"/><counter type="METHOD" missed="1" covered="1"/><counter type="CLASS" missed="0" covered="1"/></class><class name="busreservartionsystemmm/BusView"><method name="&lt;init&gt;" desc="()V" line="20"><counter type="INSTRUCTION" missed="8" covered="0"/><counter type="LINE" missed="4" covered="0"/><counter type="COMPLEXITY" missed="1" covered="0"/><counter type="METHOD" missed="1" covered="0"/></method><method name="initComponents" desc="()V" line="34"><counter type="INSTRUCTION" missed="2131" covered="0"/><counter type="LINE" missed="338" covered="0"/><counter type="COMPLEXITY" missed="1" covered="0"/><counter type="METHOD" missed="1" covered="0"/></method><method name="busSelectButtonActionPerformed" desc="(Ljava/awt/event/ActionEvent;)V" line="434"><counter type="INSTRUCTION" missed="1" covered="0"/><counter type="LINE" missed="1" covered="0"/><counter type="COMPLEXITY" missed="1" covered="0"/><counter type="METHOD" missed="1" covered="0"/></method><method name="nameFieldActionPerformed" desc="(Ljava/awt/event/ActionEvent;)V" line="438"><counter type="INSTRUCTION" missed="1" covered="0"/><counter type="LINE" missed="1" covered="0"/><counter type="COMPLEXITY" missed="1" covered="0"/><counter type="METHOD" missed="1" covered="0"/></method><method name="main" desc="([Ljava/lang/String;)V" line="450"><counter type="INSTRUCTION" missed="66" covered="0"/><counter type="BRANCH" missed="4" covered="0"/><counter type="LINE" missed="15" covered="0"/><counter type="COMPLEXITY" missed="3" covered="0"/><counter type="METHOD" missed="1" covered="0"/></method><method name="getSeat" desc="()[Ljavax/swing/JLabel;" line="475"><counter type="INSTRUCTION" missed="165" covered="0"/><counter type="LINE" missed="34" covered="0"/><counter type="COMPLEXITY" missed="1" covered="0"/><counter type="METHOD" missed="1" covered="0"/></method><method name="busSelectSeatListener" desc="(Ljava/awt/event/ActionListener;)V" line="512"><counter type="INSTRUCTION" missed="5" covered="0"/><counter type="LINE" missed="2" covered="0"/><counter type="COMPLEXITY" missed="1" covered="0"/><counter type="METHOD" missed="1" covered="0"/></method><method name="getSeatId" desc="()I" line="515"><counter type="INSTRUCTION" missed="4" covered="0"/><counter type="LINE" missed="1" covered="0"/><counter type="COMPLEXITY" missed="1" covered="0"/><counter type="METHOD" missed="1" covered="0"/></method><method name="getPassengerName" desc="()Ljava/lang/String;" line="519"><counter type="INSTRUCTION" missed="4" covered="0"/><counter type="LINE" missed="1" covered="0"/><counter type="COMPLEXITY" missed="1" covered="0"/><counter type="METHOD" missed="1" covered="0"/></method><method name="getPassengerSurname" desc="()Ljava/lang/String;" line="523"><counter type="INSTRUCTION" missed="4" covered="0"/><counter type="LINE" missed="1" covered="0"/><counter type="COMPLEXITY" missed="1" covered="0"/><counter type="METHOD" missed="1" covered="0"/></method><method name="getPassengerId" desc="()Ljava/lang/String;" line="527"><counter type="INSTRUCTION" missed="4" covered="0"/><counter type="LINE" missed="1" covered="0"/><counter type="COMPLEXITY" missed="1" covered="0"/><counter type="METHOD" missed="1" covered="0"/></method><method name="getPassengerMail" desc="()Ljava/lang/String;" line="531"><counter type="INSTRUCTION" missed="4" covered="0"/><counter type="LINE" missed="1" covered="0"/><counter type="COMPLEXITY" missed="1" covered="0"/><counter type="METHOD" missed="1" covered="0"/></method><counter type="INSTRUCTION" missed="2397" covered="0"/><counter type="BRANCH" missed="4" covered="0"/><counter type="LINE" missed="400" covered="0"/><counter type="COMPLEXITY" missed="14" covered="0"/><counter type="METHOD" missed="12" covered="0"/><counter type="CLASS" missed="1" covered="0"/></class><class name="busreservartionsystemmm/Controller$selectButtonListener$1"><method name="&lt;init&gt;" desc="(Lbusreservartionsystemmm/Controller$selectButtonListener;Lbusreservartionsystemmm/BusView;[Lbusreservartionsystemmm/BusSeat;I[Ljavax/swing/JLabel;)V" line="61"><counter type="INSTRUCTION" missed="18" covered="0"/><counter type="LINE" missed="1" covered="0"/><counter type="COMPLEXITY" missed="1" covered="0"/><counter type="METHOD" missed="1" covered="0"/></method><method name="actionPerformed" desc="(Ljava/awt/event/ActionEvent;)V" line="65"><counter type="INSTRUCTION" missed="75" covered="0"/><counter type="BRANCH" missed="8" covered="0"/><counter type="LINE" missed="14" covered="0"/><counter type="COMPLEXITY" missed="5" covered="0"/><counter type="METHOD" missed="1" covered="0"/></method><counter type="INSTRUCTION" missed="93" covered="0"/><counter type="BRANCH" missed="8" covered="0"/><counter type="LINE" missed="15" covered="0"/><counter type="COMPLEXITY" missed="6" covered="0"/><counter type="METHOD" missed="2" covered="0"/><counter type="CLASS" missed="1" covered="0"/></class><class name="busreservartionsystemmm/View$12"><method name="&lt;init&gt;" desc="(Lbusreservartionsystemmm/View;)V" line="506"><counter type="INSTRUCTION" missed="0" covered="6"/><counter type="LINE" missed="0" covered="1"/><counter type="COMPLEXITY" missed="0" covered="1"/><counter type="METHOD" missed="0" covered="1"/></method><method name="actionPerformed" desc="(Ljava/awt/event/ActionEvent;)V" line="508"><counter type="INSTRUCTION" missed="5" covered="0"/><counter type="LINE" missed="2" covered="0"/><counter type="COMPLEXITY" missed="1" covered="0"/><counter type="METHOD" missed="1" covered="0"/></method><counter type="INSTRUCTION" missed="5" covered="6"/><counter type="LINE" missed="2" covered="1"/><counter type="COMPLEXITY" missed="1" covered="1"/><counter type="METHOD" missed="1" covered="1"/><counter type="CLASS" missed="0" covered="1"/></class><class name="busreservartionsystemmm/View$13"><method name="&lt;init&gt;" desc="(Lbusreservartionsystemmm/View;)V" line="578"><counter type="INSTRUCTION" missed="0" covered="6"/><counter type="LINE" missed="0" covered="1"/><counter type="COMPLEXITY" missed="0" covered="1"/><counter type="METHOD" missed="0" covered="1"/></method><method name="actionPerformed" desc="(Ljava/awt/event/ActionEvent;)V" line="580"><counter type="INSTRUCTION" missed="5" covered="0"/><counter type="LINE" missed="2" covered="0"/><counter type="COMPLEXITY" missed="1" covered="0"/><counter type="METHOD" missed="1" covered="0"/></method><counter type="INSTRUCTION" missed="5" covered="6"/><counter type="LINE" missed="2" covered="1"/><counter type="COMPLEXITY" missed="1" covered="1"/><counter type="METHOD" missed="1" covered="1"/><counter type="CLASS" missed="0" covered="1"/></class><class name="busreservartionsystemmm/Controller$loginListener"><method name="&lt;init&gt;" desc="(Lbusreservartionsystemmm/Controller;)V" line="249"><counter type="INSTRUCTION" missed="6" covered="0"/><counter type="LINE" missed="1" covered="0"/><counter type="COMPLEXITY" missed="1" covered="0"/><counter type="METHOD" missed="1" covered="0"/></method><method name="actionPerformed" desc="(Ljava/awt/event/ActionEvent;)V" line="253"><counter type="INSTRUCTION" missed="140" covered="0"/><counter type="BRANCH" missed="10" covered="0"/><counter type="LINE" missed="16" covered="0"/><counter type="COMPLEXITY" missed="6" covered="0"/><counter type="METHOD" missed="1" covered="0"/></method><counter type="INSTRUCTION" missed="146" covered="0"/><counter type="BRANCH" missed="10" covered="0"/><counter type="LINE" missed="17" covered="0"/><counter type="COMPLEXITY" missed="7" covered="0"/><counter type="METHOD" missed="2" covered="0"/><counter type="CLASS" missed="1" covered="0"/></class><class name="busreservartionsystemmm/View$25"><method name="&lt;init&gt;" desc="(Lbusreservartionsystemmm/View;)V" line="849"><counter type="INSTRUCTION" missed="0" covered="6"/><counter type="LINE" missed="0" covered="1"/><counter type="COMPLEXITY" missed="0" covered="1"/><counter type="METHOD" missed="0" covered="1"/></method><method name="actionPerformed" desc="(Ljava/awt/event/ActionEvent;)V" line="851"><counter type="INSTRUCTION" missed="5" covered="0"/><counter type="LINE" missed="2" covered="0"/><counter type="COMPLEXITY" missed="1" covered="0"/><counter type="METHOD" missed="1" covered="0"/></method><counter type="INSTRUCTION" missed="5" covered="6"/><counter type="LINE" missed="2" covered="1"/><counter type="COMPLEXITY" missed="1" covered="1"/><counter type="METHOD" missed="1" covered="1"/><counter type="CLASS" missed="0" covered="1"/></class><class name="busreservartionsystemmm/View$26"><method name="&lt;init&gt;" desc="(Lbusreservartionsystemmm/View;)V" line="862"><counter type="INSTRUCTION" missed="0" covered="6"/><counter type="LINE" missed="0" covered="1"/><counter type="COMPLEXITY" missed="0" covered="1"/><counter type="METHOD" missed="0" covered="1"/></method><method name="actionPerformed" desc="(Ljava/awt/event/ActionEvent;)V" line="864"><counter type="INSTRUCTION" missed="5" covered="0"/><counter type="LINE" missed="2" covered="0"/><counter type="COMPLEXITY" missed="1" covered="0"/><counter type="METHOD" missed="1" covered="0"/></method><counter type="INSTRUCTION" missed="5" covered="6"/><counter type="LINE" missed="2" covered="1"/><counter type="COMPLEXITY" missed="1" covered="1"/><counter type="METHOD" missed="1" covered="1"/><counter type="CLASS" missed="0" covered="1"/></class><class name="busreservartionsystemmm/View$27"><method name="&lt;init&gt;" desc="()V" line="1185"><counter type="INSTRUCTION" missed="0" covered="3"/><counter type="LINE" missed="0" covered="1"/><counter type="COMPLEXITY" missed="0" covered="1"/><counter type="METHOD" missed="0" covered="1"/></method><method name="run" desc="()V" line="1187"><counter type="INSTRUCTION" missed="6" covered="0"/><counter type="LINE" missed="2" covered="0"/><counter type="COMPLEXITY" missed="1" covered="0"/><counter type="METHOD" missed="1" covered="0"/></method><counter type="INSTRUCTION" missed="6" covered="3"/><counter type="LINE" missed="2" covered="1"/><counter type="COMPLEXITY" missed="1" covered="1"/><counter type="METHOD" missed="1" covered="1"/><counter type="CLASS" missed="0" covered="1"/></class><class name="busreservartionsystemmm/View"><method name="&lt;init&gt;" desc="()V" line="28"><counter type="INSTRUCTION" missed="0" covered="32"/><counter type="LINE" missed="0" covered="9"/><counter type="COMPLEXITY" missed="0" covered="1"/><counter type="METHOD" missed="0" covered="1"/></method><method name="initComponents" desc="()V" line="50"><counter type="INSTRUCTION" missed="0" covered="4127"/><counter type="LINE" missed="0" covered="733"/><counter type="COMPLEXITY" missed="0" covered="1"/><counter type="METHOD" missed="0" covered="1"/></method><method name="fromBox1ActionPerformed" desc="(Ljava/awt/event/ActionEvent;)V" line="1015"><counter type="INSTRUCTION" missed="1" covered="0"/><counter type="LINE" missed="1" covered="0"/><counter type="COMPLEXITY" missed="1" covered="0"/><counter type="METHOD" missed="1" covered="0"/></method><method name="RoundTripActionPerformed" desc="(Ljava/awt/event/ActionEvent;)V" line="1020"><counter type="INSTRUCTION" missed="14" covered="0"/><counter type="BRANCH" missed="2" covered="0"/><counter type="LINE" missed="4" covered="0"/><counter type="COMPLEXITY" missed="2" covered="0"/><counter type="METHOD" missed="1" covered="0"/></method><method name="managerButtonActionPerformed" desc="(Ljava/awt/event/ActionEvent;)V" line="1031"><counter type="INSTRUCTION" missed="9" covered="0"/><counter type="LINE" missed="3" covered="0"/><counter type="COMPLEXITY" missed="1" covered="0"/><counter type="METHOD" missed="1" covered="0"/></method><method name="exit1HomePageActionPerformed" desc="(Ljava/awt/event/ActionEvent;)V" line="1037"><counter type="INSTRUCTION" missed="3" covered="0"/><counter type="LINE" missed="2" covered="0"/><counter type="COMPLEXITY" missed="1" covered="0"/><counter type="METHOD" missed="1" covered="0"/></method><method name="searchButtonActionPerformed" desc="(Ljava/awt/event/ActionEvent;)V" line="1044"><counter type="INSTRUCTION" missed="1" covered="0"/><counter type="LINE" missed="1" covered="0"/><counter type="COMPLEXITY" missed="1" covered="0"/><counter type="METHOD" missed="1" covered="0"/></method><method name="toBoxActionPerformed" desc="(Ljava/awt/event/ActionEvent;)V" line="1048"><counter type="INSTRUCTION" missed="1" covered="0"/><counter type="LINE" missed="1" covered="0"/><counter type="COMPLEXITY" missed="1" covered="0"/><counter type="METHOD" missed="1" covered="0"/></method><method name="loginButtonActionPerformed" desc="(Ljava/awt/event/ActionEvent;)V" line="1053"><counter type="INSTRUCTION" missed="1" covered="0"/><counter type="LINE" missed="1" covered="0"/><counter type="COMPLEXITY" missed="1" covered="0"/><counter type="METHOD" missed="1" covered="0"/></method><method name="backtoTicketViewActionPerformed" desc="(Ljava/awt/event/ActionEvent;)V" line="1058"><counter type="INSTRUCTION" missed="9" covered="0"/><counter type="LINE" missed="3" covered="0"/><counter type="COMPLEXITY" missed="1" covered="0"/><counter type="METHOD" missed="1" covered="0"/></method><method name="backToTicketViewActionPerformed" desc="(Ljava/awt/event/ActionEvent;)V" line="1064"><counter type="INSTRUCTION" missed="9" covered="0"/><counter type="LINE" missed="3" covered="0"/><counter type="COMPLEXITY" missed="1" covered="0"/><counter type="METHOD" missed="1" covered="0"/></method><method name="selectButtonActionPerformed" desc="(Ljava/awt/event/ActionEvent;)V" line="1071"><counter type="INSTRUCTION" missed="1" covered="0"/><counter type="LINE" missed="1" covered="0"/><counter type="COMPLEXITY" missed="1" covered="0"/><counter type="METHOD" missed="1" covered="0"/></method><method name="exitButtonActionPerformed" desc="(Ljava/awt/event/ActionEvent;)V" line="1075"><counter type="INSTRUCTION" missed="3" covered="0"/><counter type="LINE" missed="2" covered="0"/><counter type="COMPLEXITY" missed="1" covered="0"/><counter type="METHOD" missed="1" covered="0"/></method><method name="busSelectButtonActionPerformed" desc="(Ljava/awt/event/ActionEvent;)V" line="1081"><counter type="INSTRUCTION" missed="1" covered="0"/><counter type="LINE" missed="1" covered="0"/><counter type="COMPLEXITY" missed="1" covered="0"/><counter type="METHOD" missed="1" covered="0"/></method><method name="updateTimeHourActionPerformed" desc="(Ljava/awt/event/ActionEvent;)V" line="1085"><counter type="INSTRUCTION" missed="1" covered="0"/><counter type="LINE" missed="1" covered="0"/><counter type="COMPLEXITY" missed="1" covered="0"/><counter type="METHOD" missed="1" covered="0"/></method><method name="updateTimeMinActionPerformed" desc="(Ljava/awt/event/ActionEvent;)V" line="1089"><counter type="INSTRUCTION" missed="1" covered="0"/><counter type="LINE" missed="1" covered="0"/><counter type="COMPLEXITY" missed="1" covered="0"/><counter type="METHOD" missed="1" covered="0"/></method><method name="updateFromActionPerformed" desc="(Ljava/awt/event/ActionEvent;)V" line="1093"><counter type="INSTRUCTION" missed="1" covered="0"/><counter type="LINE" missed="1" covered="0"/><counter type="COMPLEXITY" missed="1" covered="0"/><counter type="METHOD" missed="1" covered="0"/></method><method name="updateToActionPerformed" desc="(Ljava/awt/event/ActionEvent;)V" line="1097"><counter type="INSTRUCTION" missed="1" covered="0"/><counter type="LINE" missed="1" covered="0"/><counter type="COMPLEXITY" missed="1" covered="0"/><counter type="METHOD" missed="1" covered="0"/></method><method name="jButton1ActionPerformed" desc="(Ljava/awt/event/ActionEvent;)V" line="1104"><counter type="INSTRUCTION" missed="1" covered="0"/><counter type="LINE" missed="1" covered="0"/><counter type="COMPLEXITY" missed="1" covered="0"/><counter type="METHOD" missed="1" covered="0"/></method><method name="updateButton_2ActionPerformed" desc="(Ljava/awt/event/ActionEvent;)V" line="1108"><counter type="INSTRUCTION" missed="1" covered="0"/><counter type="LINE" missed="1" covered="0"/><counter type="COMPLEXITY" missed="1" covered="0"/><counter type="METHOD" missed="1" covered="0"/></method><method name="jButton2ActionPerformed" desc="(Ljava/awt/event/ActionEvent;)V" line="1112"><counter type="INSTRUCTION" missed="9" covered="0"/><counter type="LINE" missed="3" covered="0"/><counter type="COMPLEXITY" missed="1" covered="0"/><counter type="METHOD" missed="1" covered="0"/></method><method name="updateButtonActionPerformed" desc="(Ljava/awt/event/ActionEvent;)V" line="1118"><counter type="INSTRUCTION" missed="1" covered="0"/><counter type="LINE" missed="1" covered="0"/><counter type="COMPLEXITY" missed="1" covered="0"/><counter type="METHOD" missed="1" covered="0"/></method><method name="fromBoxBusActionPerformed" desc="(Ljava/awt/event/ActionEvent;)V" line="1122"><counter type="INSTRUCTION" missed="1" covered="0"/><counter type="LINE" missed="1" covered="0"/><counter type="COMPLEXITY" missed="1" covered="0"/><counter type="METHOD" missed="1" covered="0"/></method><method name="toBoxBusActionPerformed" desc="(Ljava/awt/event/ActionEvent;)V" line="1126"><counter type="INSTRUCTION" missed="1" covered="0"/><counter type="LINE" missed="1" covered="0"/><counter type="COMPLEXITY" missed="1" covered="0"/><counter type="METHOD" missed="1" covered="0"/></method><method name="addButtonActionPerformed" desc="(Ljava/awt/event/ActionEvent;)V" line="1130"><counter type="INSTRUCTION" missed="1" covered="0"/><counter type="LINE" missed="1" covered="0"/><counter type="COMPLEXITY" missed="1" covered="0"/><counter type="METHOD" missed="1" covered="0"/></method><method name="yesActionPerformed" desc="(Ljava/awt/event/ActionEvent;)V" line="1134"><counter type="INSTRUCTION" missed="9" covered="0"/><counter type="BRANCH" missed="2" covered="0"/><counter type="LINE" missed="3" covered="0"/><counter type="COMPLEXITY" missed="2" covered="0"/><counter type="METHOD" missed="1" covered="0"/></method><method name="timeHourActionPerformed" desc="(Ljava/awt/event/ActionEvent;)V" line="1141"><counter type="INSTRUCTION" missed="1" covered="0"/><counter type="LINE" missed="1" covered="0"/><counter type="COMPLEXITY" missed="1" covered="0"/><counter type="METHOD" missed="1" covered="0"/></method><method name="timeMinActionPerformed" desc="(Ljava/awt/event/ActionEvent;)V" line="1145"><counter type="INSTRUCTION" missed="1" covered="0"/><counter type="LINE" missed="1" covered="0"/><counter type="COMPLEXITY" missed="1" covered="0"/><counter type="METHOD" missed="1" covered="0"/></method><method name="backToManagerLoginActionPerformed" desc="(Ljava/awt/event/ActionEvent;)V" line="1149"><counter type="INSTRUCTION" missed="5" covered="0"/><counter type="LINE" missed="2" covered="0"/><counter type="COMPLEXITY" missed="1" covered="0"/><counter type="METHOD" missed="1" covered="0"/></method><method name="passengersBoxActionPerformed" desc="(Ljava/awt/event/ActionEvent;)V" line="1155"><counter type="INSTRUCTION" missed="1" covered="0"/><counter type="LINE" missed="1" covered="0"/><counter type="COMPLEXITY" missed="1" covered="0"/><counter type="METHOD" missed="1" covered="0"/></method><method name="main" desc="([Ljava/lang/String;)V" line="1167"><counter type="INSTRUCTION" missed="35" covered="31"/><counter type="BRANCH" missed="1" covered="3"/><counter type="LINE" missed="8" covered="7"/><counter type="COMPLEXITY" missed="1" covered="2"/><counter type="METHOD" missed="0" covered="1"/></method><method name="getBusView" desc="()Ljavax/swing/JPanel;" line="1194"><counter type="INSTRUCTION" missed="0" covered="3"/><counter type="LINE" missed="0" covered="1"/><counter type="COMPLEXITY" missed="0" covered="1"/><counter type="METHOD" missed="0" covered="1"/></method><method name="setBusView" desc="(Ljavax/swing/JPanel;)V" line="1198"><counter type="INSTRUCTION" missed="0" covered="4"/><counter type="LINE" missed="0" covered="2"/><counter type="COMPLEXITY" missed="0" covered="1"/><counter type="METHOD" missed="0" covered="1"/></method><method name="getTicketView" desc="()Ljavax/swing/JPanel;" line="1202"><counter type="INSTRUCTION" missed="0" covered="3"/><counter type="LINE" missed="0" covered="1"/><counter type="COMPLEXITY" missed="0" covered="1"/><counter type="METHOD" missed="0" covered="1"/></method><method name="setTicketView" desc="(Ljavax/swing/JPanel;)V" line="1206"><counter type="INSTRUCTION" missed="0" covered="4"/><counter type="LINE" missed="0" covered="2"/><counter type="COMPLEXITY" missed="0" covered="1"/><counter type="METHOD" missed="0" covered="1"/></method><method name="getFrom" desc="()Ljava/lang/String;" line="1210"><counter type="INSTRUCTION" missed="0" covered="5"/><counter type="LINE" missed="0" covered="1"/><counter type="COMPLEXITY" missed="0" covered="1"/><counter type="METHOD" missed="0" covered="1"/></method><method name="getTo" desc="()Ljava/lang/String;" line="1214"><counter type="INSTRUCTION" missed="0" covered="5"/><counter type="LINE" missed="0" covered="1"/><counter type="COMPLEXITY" missed="0" covered="1"/><counter type="METHOD" missed="0" covered="1"/></method><method name="isSelectedOneWay" desc="()Z" line="1218"><counter type="INSTRUCTION" missed="0" covered="4"/><counter type="LINE" missed="0" covered="1"/><counter type="COMPLEXITY" missed="0" covered="1"/><counter type="METHOD" missed="0" covered="1"/></method><method name="isSelectedRoundTrip" desc="()Z" line="1222"><counter type="INSTRUCTION" missed="0" covered="4"/><counter type="LINE" missed="0" covered="1"/><counter type="COMPLEXITY" missed="0" covered="1"/><counter type="METHOD" missed="0" covered="1"/></method><method name="getDateOfJourney" desc="()Ljava/lang/String;" line="1226"><counter type="INSTRUCTION" missed="11" covered="6"/><counter type="BRANCH" missed="1" covered="1"/><counter type="LINE" missed="2" covered="2"/><counter type="COMPLEXITY" missed="1" covered="1"/><counter type="METHOD" missed="0" covered="1"/></method><method name="getDateOfReturn" desc="()Ljava/lang/String;" line="1237"><counter type="INSTRUCTION" missed="11" covered="6"/><counter type="BRANCH" missed="1" covered="1"/><counter type="LINE" missed="2" covered="2"/><counter type="COMPLEXITY" missed="1" covered="1"/><counter type="METHOD" missed="0" covered="1"/></method><method name="getPassenger" desc="()I" line="1248"><counter type="INSTRUCTION" missed="0" covered="6"/><counter type="LINE" missed="0" covered="1"/><counter type="COMPLEXITY" missed="0" covered="1"/><counter type="METHOD" missed="0" covered="1"/></method><method name="listenerButton" desc="(Ljava/awt/event/ActionListener;)V" line="1252"><counter type="INSTRUCTION" missed="0" covered="5"/><counter type="LINE" missed="0" covered="2"/><counter type="COMPLEXITY" missed="0" covered="1"/><counter type="METHOD" missed="0" covered="1"/></method><method name="getManagerPage" desc="()Ljavax/swing/JPanel;" line="1258"><counter type="INSTRUCTION" missed="0" covered="3"/><counter type="LINE" missed="0" covered="1"/><counter type="COMPLEXITY" missed="0" covered="1"/><counter type="METHOD" missed="0" covered="1"/></method><method name="setManagerPage" desc="(Ljavax/swing/JPanel;)V" line="1263"><counter type="INSTRUCTION" missed="0" covered="4"/><counter type="LINE" missed="0" covered="2"/><counter type="COMPLEXITY" missed="0" covered="1"/><counter type="METHOD" missed="0" covered="1"/></method><method name="getBusId" desc="()I" line="1267"><counter type="INSTRUCTION" missed="5" covered="0"/><counter type="LINE" missed="1" covered="0"/><counter type="COMPLEXITY" missed="1" covered="0"/><counter type="METHOD" missed="1" covered="0"/></method><method name="getBusName" desc="()Ljava/lang/String;" line="1271"><counter type="INSTRUCTION" missed="0" covered="4"/><counter type="LINE" missed="0" covered="1"/><counter type="COMPLEXITY" missed="0" covered="1"/><counter type="METHOD" missed="0" covered="1"/></method><method name="getTimeHour" desc="()I" line="1275"><counter type="INSTRUCTION" missed="0" covered="6"/><counter type="LINE" missed="0" covered="1"/><counter type="COMPLEXITY" missed="0" covered="1"/><counter type="METHOD" missed="0" covered="1"/></method><method name="getTimeMin" desc="()I" line="1279"><counter type="INSTRUCTION" missed="0" covered="6"/><counter type="LINE" missed="0" covered="1"/><counter type="COMPLEXITY" missed="0" covered="1"/><counter type="METHOD" missed="0" covered="1"/></method><method name="getFromBus" desc="()Ljava/lang/String;" line="1283"><counter type="INSTRUCTION" missed="0" covered="5"/><counter type="LINE" missed="0" covered="1"/><counter type="COMPLEXITY" missed="0" covered="1"/><counter type="METHOD" missed="0" covered="1"/></method><method name="getToBus" desc="()Ljava/lang/String;" line="1287"><counter type="INSTRUCTION" missed="0" covered="5"/><counter type="LINE" missed="0" covered="1"/><counter type="COMPLEXITY" missed="0" covered="1"/><counter type="METHOD" missed="0" covered="1"/></method><method name="getWireless" desc="()Z" line="1292"><counter type="INSTRUCTION" missed="2" covered="6"/><counter type="BRANCH" missed="1" covered="1"/><counter type="LINE" missed="1" covered="2"/><counter type="COMPLEXITY" missed="1" covered="1"/><counter type="METHOD" missed="0" covered="1"/></method><method name="getTv" desc="()Z" line="1300"><counter type="INSTRUCTION" missed="2" covered="6"/><counter type="BRANCH" missed="1" covered="1"/><counter type="LINE" missed="1" covered="2"/><counter type="COMPLEXITY" missed="1" covered="1"/><counter type="METHOD" missed="0" covered="1"/></method><method name="getDateOfJourney2" desc="()Ljava/lang/String;" line="1307"><counter type="INSTRUCTION" missed="6" covered="5"/><counter type="LINE" missed="1" covered="1"/><counter type="COMPLEXITY" missed="0" covered="1"/><counter type="METHOD" missed="0" covered="1"/></method><method name="getDateOfReturn2" desc="()Ljava/lang/String;" line="1313"><counter type="INSTRUCTION" missed="6" covered="5"/><counter type="LINE" missed="1" covered="1"/><counter type="COMPLEXITY" missed="0" covered="1"/><counter type="METHOD" missed="0" covered="1"/></method><method name="getBusTable" desc="()Ljavax/swing/JTable;" line="1319"><counter type="INSTRUCTION" missed="0" covered="3"/><counter type="LINE" missed="0" covered="1"/><counter type="COMPLEXITY" missed="0" covered="1"/><counter type="METHOD" missed="0" covered="1"/></method><method name="setBusTable" desc="(Ljavax/swing/JTable;)V" line="1323"><counter type="INSTRUCTION" missed="0" covered="4"/><counter type="LINE" missed="0" covered="2"/><counter type="COMPLEXITY" missed="0" covered="1"/><counter type="METHOD" missed="0" covered="1"/></method><method name="getDeleteId" desc="()I" line="1327"><counter type="INSTRUCTION" missed="10" covered="7"/><counter type="BRANCH" missed="1" covered="1"/><counter type="LINE" missed="1" covered="2"/><counter type="COMPLEXITY" missed="1" covered="1"/><counter type="METHOD" missed="0" covered="1"/></method><method name="xyz" desc="()I" line="1336"><counter type="INSTRUCTION" missed="0" covered="4"/><counter type="LINE" missed="0" covered="1"/><counter type="COMPLEXITY" missed="0" covered="1"/><counter type="METHOD" missed="0" covered="1"/></method><method name="listeneraddButton" desc="(Ljava/awt/event/ActionListener;)V" line="1340"><counter type="INSTRUCTION" missed="0" covered="5"/><counter type="LINE" missed="0" covered="2"/><counter type="COMPLEXITY" missed="0" covered="1"/><counter type="METHOD" missed="0" covered="1"/></method><method name="listenerdeleteButton" desc="(Ljava/awt/event/ActionListener;)V" line="1345"><counter type="INSTRUCTION" missed="0" covered="5"/><counter type="LINE" missed="0" covered="2"/><counter type="COMPLEXITY" missed="0" covered="1"/><counter type="METHOD" missed="0" covered="1"/></method><method name="listenerupdateButton" desc="(Ljava/awt/event/ActionListener;)V" line="1349"><counter type="INSTRUCTION" missed="0" covered="5"/><counter type="LINE" missed="0" covered="2"/><counter type="COMPLEXITY" missed="0" covered="1"/><counter type="METHOD" missed="0" covered="1"/></method><method name="getSearchTable" desc="()Ljavax/swing/JTable;" line="1356"><counter type="INSTRUCTION" missed="0" covered="3"/><counter type="LINE" missed="0" covered="1"/><counter type="COMPLEXITY" missed="0" covered="1"/><counter type="METHOD" missed="0" covered="1"/></method><method name="setSearchTable" desc="(Ljavax/swing/JTable;)V" line="1360"><counter type="INSTRUCTION" missed="0" covered="4"/><counter type="LINE" missed="0" covered="2"/><counter type="COMPLEXITY" missed="0" covered="1"/><counter type="METHOD" missed="0" covered="1"/></method><method name="selectButtonListener" desc="(Ljava/awt/event/ActionListener;)V" line="1364"><counter type="INSTRUCTION" missed="0" covered="5"/><counter type="LINE" missed="0" covered="2"/><counter type="COMPLEXITY" missed="0" covered="1"/><counter type="METHOD" missed="0" covered="1"/></method><method name="getSelectBusId" desc="()I" line="1372"><counter type="INSTRUCTION" missed="10" covered="0"/><counter type="LINE" missed="1" covered="0"/><counter type="COMPLEXITY" missed="1" covered="0"/><counter type="METHOD" missed="1" covered="0"/></method><method name="update_button2Listener" desc="(Ljava/awt/event/ActionListener;)V" line="1381"><counter type="INSTRUCTION" missed="0" covered="5"/><counter type="LINE" missed="0" covered="2"/><counter type="COMPLEXITY" missed="0" covered="1"/><counter type="METHOD" missed="0" covered="1"/></method><method name="getBusNameUpdate" desc="()Ljava/lang/String;" line="1384"><counter type="INSTRUCTION" missed="0" covered="4"/><counter type="LINE" missed="0" covered="1"/><counter type="COMPLEXITY" missed="0" covered="1"/><counter type="METHOD" missed="0" covered="1"/></method><method name="getTimeHourUpdate" desc="()I" line="1388"><counter type="INSTRUCTION" missed="0" covered="6"/><counter type="LINE" missed="0" covered="1"/><counter type="COMPLEXITY" missed="0" covered="1"/><counter type="METHOD" missed="0" covered="1"/></method><method name="getTimeMinUpdate" desc="()I" line="1392"><counter type="INSTRUCTION" missed="0" covered="6"/><counter type="LINE" missed="0" covered="1"/><counter type="COMPLEXITY" missed="0" covered="1"/><counter type="METHOD" missed="0" covered="1"/></method><method name="getFromBusUpdate" desc="()Ljava/lang/String;" line="1396"><counter type="INSTRUCTION" missed="0" covered="5"/><counter type="LINE" missed="0" covered="1"/><counter type="COMPLEXITY" missed="0" covered="1"/><counter type="METHOD" missed="0" covered="1"/></method><method name="getToBusUpdate" desc="()Ljava/lang/String;" line="1400"><counter type="INSTRUCTION" missed="0" covered="5"/><counter type="LINE" missed="0" covered="1"/><counter type="COMPLEXITY" missed="0" covered="1"/><counter type="METHOD" missed="0" covered="1"/></method><method name="getWirelessUpdate" desc="()Z" line="1405"><counter type="INSTRUCTION" missed="2" covered="6"/><counter type="BRANCH" missed="1" covered="1"/><counter type="LINE" missed="1" covered="2"/><counter type="COMPLEXITY" missed="1" covered="1"/><counter type="METHOD" missed="0" covered="1"/></method><method name="getTvUpdate" desc="()Z" line="1413"><counter type="INSTRUCTION" missed="2" covered="6"/><counter type="BRANCH" missed="1" covered="1"/><counter type="LINE" missed="1" covered="2"/><counter type="COMPLEXITY" missed="1" covered="1"/><counter type="METHOD" missed="0" covered="1"/></method><method name="getDateOfJourney2Update" desc="()Ljava/lang/String;" line="1420"><counter type="INSTRUCTION" missed="6" covered="5"/><counter type="LINE" missed="1" covered="1"/><counter type="COMPLEXITY" missed="0" covered="1"/><counter type="METHOD" missed="0" covered="1"/></method><method name="getDateOfReturn2Update" desc="()Ljava/lang/String;" line="1426"><counter type="INSTRUCTION" missed="11" covered="0"/><counter type="LINE" missed="2" covered="0"/><counter type="COMPLEXITY" missed="1" covered="0"/><counter type="METHOD" missed="1" covered="0"/></method><method name="getUpdateId" desc="()I" line="1432"><counter type="INSTRUCTION" missed="10" covered="7"/><counter type="BRANCH" missed="1" covered="1"/><counter type="LINE" missed="1" covered="2"/><counter type="COMPLEXITY" missed="1" covered="1"/><counter type="METHOD" missed="0" covered="1"/></method><method name="getUpdatePage" desc="()Ljavax/swing/JPanel;" line="1441"><counter type="INSTRUCTION" missed="0" covered="3"/><counter type="LINE" missed="0" covered="1"/><counter type="COMPLEXITY" missed="0" covered="1"/><counter type="METHOD" missed="0" covered="1"/></method><method name="setUpdatePage" desc="(Ljavax/swing/JPanel;)V" line="1445"><counter type="INSTRUCTION" missed="0" covered="4"/><counter type="LINE" missed="0" covered="2"/><counter type="COMPLEXITY" missed="0" covered="1"/><counter type="METHOD" missed="0" covered="1"/></method><method name="getUsername" desc="()Ljava/lang/String;" line="1451"><counter type="INSTRUCTION" missed="0" covered="4"/><counter type="LINE" missed="0" covered="1"/><counter type="COMPLEXITY" missed="0" covered="1"/><counter type="METHOD" missed="0" covered="1"/></method><method name="getPassword" desc="()Ljava/lang/String;" line="1454"><counter type="INSTRUCTION" missed="0" covered="4"/><counter type="LINE" missed="0" covered="1"/><counter type="COMPLEXITY" missed="0" covered="1"/><counter type="METHOD" missed="0" covered="1"/></method><method name="listenerloginButton" desc="(Ljava/awt/event/ActionListener;)V" line="1457"><counter type="INSTRUCTION" missed="0" covered="5"/><counter type="LINE" missed="0" covered="2"/><counter type="COMPLEXITY" missed="0" covered="1"/><counter type="METHOD" missed="0" covered="1"/></method><method name="getManagerLogin" desc="()Ljavax/swing/JPanel;" line="1462"><counter type="INSTRUCTION" missed="0" covered="3"/><counter type="LINE" missed="0" covered="1"/><counter type="COMPLEXITY" missed="0" covered="1"/><counter type="METHOD" missed="0" covered="1"/></method><method name="setManagerLogin" desc="(Ljavax/swing/JPanel;)V" line="1466"><counter type="INSTRUCTION" missed="0" covered="4"/><counter type="LINE" missed="0" covered="2"/><counter type="COMPLEXITY" missed="0" covered="1"/><counter type="METHOD" missed="0" covered="1"/></method><counter type="INSTRUCTION" missed="218" covered="4427"/><counter type="BRANCH" missed="13" covered="11"/><counter type="LINE" missed="69" covered="821"/><counter type="COMPLEXITY" missed="42" covered="54"/><counter type="METHOD" missed="31" covered="53"/><counter type="CLASS" missed="0" covered="1"/></class><class name="busreservartionsystemmm/Passenger"><method name="getName" desc="()Ljava/lang/String;" line="20"><counter type="INSTRUCTION" missed="3" covered="0"/><counter type="LINE" missed="1" covered="0"/><counter type="COMPLEXITY" missed="1" covered="0"/><counter type="METHOD" missed="1" covered="0"/></method><method name="setName" desc="(Ljava/lang/String;)V" line="24"><counter type="INSTRUCTION" missed="4" covered="0"/><counter type="LINE" missed="2" covered="0"/><counter type="COMPLEXITY" missed="1" covered="0"/><counter type="METHOD" missed="1" covered="0"/></method><method name="getSurname" desc="()Ljava/lang/String;" line="28"><counter type="INSTRUCTION" missed="3" covered="0"/><counter type="LINE" missed="1" covered="0"/><counter type="COMPLEXITY" missed="1" covered="0"/><counter type="METHOD" missed="1" covered="0"/></method><method name="setSurname" desc="(Ljava/lang/String;)V" line="32"><counter type="INSTRUCTION" missed="4" covered="0"/><counter type="LINE" missed="2" covered="0"/><counter type="COMPLEXITY" missed="1" covered="0"/><counter type="METHOD" missed="1" covered="0"/></method><method name="getId" desc="()I" line="36"><counter type="INSTRUCTION" missed="3" covered="0"/><counter type="LINE" missed="1" covered="0"/><counter type="COMPLEXITY" missed="1" covered="0"/><counter type="METHOD" missed="1" covered="0"/></method><method name="setId" desc="(I)V" line="40"><counter type="INSTRUCTION" missed="4" covered="0"/><counter type="LINE" missed="2" covered="0"/><counter type="COMPLEXITY" missed="1" covered="0"/><counter type="METHOD" missed="1" covered="0"/></method><method name="getMail" desc="()Ljava/lang/String;" line="44"><counter type="INSTRUCTION" missed="3" covered="0"/><counter type="LINE" missed="1" covered="0"/><counter type="COMPLEXITY" missed="1" covered="0"/><counter type="METHOD" missed="1" covered="0"/></method><method name="setMail" desc="(Ljava/lang/String;)V" line="48"><counter type="INSTRUCTION" missed="4" covered="0"/><counter type="LINE" missed="2" covered="0"/><counter type="COMPLEXITY" missed="1" covered="0"/><counter type="METHOD" missed="1" covered="0"/></method><method name="&lt;init&gt;" desc="(Ljava/lang/String;Ljava/lang/String;ILjava/lang/String;)V" line="51"><counter type="INSTRUCTION" missed="15" covered="0"/><counter type="LINE" missed="6" covered="0"/><counter type="COMPLEXITY" missed="1" covered="0"/><counter type="METHOD" missed="1" covered="0"/></method><counter type="INSTRUCTION" missed="43" covered="0"/><counter type="LINE" missed="18" covered="0"/><counter type="COMPLEXITY" missed="9" covered="0"/><counter type="METHOD" missed="9" covered="0"/><counter type="CLASS" missed="1" covered="0"/></class><class name="busreservartionsystemmm/Controller$updateListener$1"><method name="&lt;init&gt;" desc="(Lbusreservartionsystemmm/Controller$updateListener;I)V" line="217"><counter type="INSTRUCTION" missed="9" covered="0"/><counter type="LINE" missed="1" covered="0"/><counter type="COMPLEXITY" missed="1" covered="0"/><counter type="METHOD" missed="1" covered="0"/></method><method name="actionPerformed" desc="(Ljava/awt/event/ActionEvent;)V" line="220"><counter type="INSTRUCTION" missed="185" covered="0"/><counter type="BRANCH" missed="8" covered="0"/><counter type="LINE" missed="21" covered="0"/><counter type="COMPLEXITY" missed="5" covered="0"/><counter type="METHOD" missed="1" covered="0"/></method><counter type="INSTRUCTION" missed="194" covered="0"/><counter type="BRANCH" missed="8" covered="0"/><counter type="LINE" missed="22" covered="0"/><counter type="COMPLEXITY" missed="6" covered="0"/><counter type="METHOD" missed="2" covered="0"/><counter type="CLASS" missed="1" covered="0"/></class><class name="busreservartionsystemmm/BusView$2"><method name="&lt;init&gt;" desc="(Lbusreservartionsystemmm/BusView;)V" line="421"><counter type="INSTRUCTION" missed="6" covered="0"/><counter type="LINE" missed="1" covered="0"/><counter type="COMPLEXITY" missed="1" covered="0"/><counter type="METHOD" missed="1" covered="0"/></method><method name="actionPerformed" desc="(Ljava/awt/event/ActionEvent;)V" line="423"><counter type="INSTRUCTION" missed="5" covered="0"/><counter type="LINE" missed="2" covered="0"/><counter type="COMPLEXITY" missed="1" covered="0"/><counter type="METHOD" missed="1" covered="0"/></method><counter type="INSTRUCTION" missed="11" covered="0"/><counter type="LINE" missed="3" covered="0"/><counter type="COMPLEXITY" missed="2" covered="0"/><counter type="METHOD" missed="2" covered="0"/><counter type="CLASS" missed="1" covered="0"/></class><class name="busreservartionsystemmm/Controller$updateListener"><method name="&lt;init&gt;" desc="(Lbusreservartionsystemmm/Controller;)V" line="205"><counter type="INSTRUCTION" missed="6" covered="0"/><counter type="LINE" missed="1" covered="0"/><counter type="COMPLEXITY" missed="1" covered="0"/><counter type="METHOD" missed="1" covered="0"/></method><method name="actionPerformed" desc="(Ljava/awt/event/ActionEvent;)V" line="209"><counter type="INSTRUCTION" missed="34" covered="0"/><counter type="BRANCH" missed="2" covered="0"/><counter type="LINE" missed="7" covered="0"/><counter type="COMPLEXITY" missed="2" covered="0"/><counter type="METHOD" missed="1" covered="0"/></method><counter type="INSTRUCTION" missed="40" covered="0"/><counter type="BRANCH" missed="2" covered="0"/><counter type="LINE" missed="8" covered="0"/><counter type="COMPLEXITY" missed="3" covered="0"/><counter type="METHOD" missed="2" covered="0"/><counter type="CLASS" missed="1" covered="0"/></class><class name="busreservartionsystemmm/BusView$1"><method name="&lt;init&gt;" desc="(Lbusreservartionsystemmm/BusView;)V" line="407"><counter type="INSTRUCTION" missed="6" covered="0"/><counter type="LINE" missed="1" covered="0"/><counter type="COMPLEXITY" missed="1" covered="0"/><counter type="METHOD" missed="1" covered="0"/></method><method name="actionPerformed" desc="(Ljava/awt/event/ActionEvent;)V" line="409"><counter type="INSTRUCTION" missed="5" covered="0"/><counter type="LINE" missed="2" covered="0"/><counter type="COMPLEXITY" missed="1" covered="0"/><counter type="METHOD" missed="1" covered="0"/></method><counter type="INSTRUCTION" missed="11" covered="0"/><counter type="LINE" missed="3" covered="0"/><counter type="COMPLEXITY" missed="2" covered="0"/><counter type="METHOD" missed="2" covered="0"/><counter type="CLASS" missed="1" covered="0"/></class><class name="busreservartionsystemmm/BusView$3"><method name="&lt;init&gt;" desc="()V" line="468"><counter type="INSTRUCTION" missed="3" covered="0"/><counter type="LINE" missed="1" covered="0"/><counter type="COMPLEXITY" missed="1" covered="0"/><counter type="METHOD" missed="1" covered="0"/></method><method name="run" desc="()V" line="470"><counter type="INSTRUCTION" missed="6" covered="0"/><counter type="LINE" missed="2" covered="0"/><counter type="COMPLEXITY" missed="1" covered="0"/><counter type="METHOD" missed="1" covered="0"/></method><counter type="INSTRUCTION" missed="9" covered="0"/><counter type="LINE" missed="3" covered="0"/><counter type="COMPLEXITY" missed="2" covered="0"/><counter type="METHOD" missed="2" covered="0"/><counter type="CLASS" missed="1" covered="0"/></class><class name="busreservartionsystemmm/BusSeat"><method name="&lt;init&gt;" desc="(ZLbusreservartionsystemmm/Passenger;)V" line="17"><counter type="INSTRUCTION" missed="9" covered="0"/><counter type="LINE" missed="4" covered="0"/><counter type="COMPLEXITY" missed="1" covered="0"/><counter type="METHOD" missed="1" covered="0"/></method><method name="isAvailable" desc="()Z" line="23"><counter type="INSTRUCTION" missed="0" covered="3"/><counter type="LINE" missed="0" covered="1"/><counter type="COMPLEXITY" missed="0" covered="1"/><counter type="METHOD" missed="0" covered="1"/></method><method name="setAvailable" desc="(Z)V" line="27"><counter type="INSTRUCTION" missed="0" covered="4"/><counter type="LINE" missed="0" covered="2"/><counter type="COMPLEXITY" missed="0" covered="1"/><counter type="METHOD" missed="0" covered="1"/></method><method name="getP" desc="()Lbusreservartionsystemmm/Passenger;" line="31"><counter type="INSTRUCTION" missed="0" covered="3"/><counter type="LINE" missed="0" covered="1"/><counter type="COMPLEXITY" missed="0" covered="1"/><counter type="METHOD" missed="0" covered="1"/></method><method name="setP" desc="(Lbusreservartionsystemmm/Passenger;)V" line="35"><counter type="INSTRUCTION" missed="0" covered="4"/><counter type="LINE" missed="0" covered="2"/><counter type="COMPLEXITY" missed="0" covered="1"/><counter type="METHOD" missed="0" covered="1"/></method><method name="&lt;init&gt;" desc="()V" line="38"><counter type="INSTRUCTION" missed="0" covered="3"/><counter type="LINE" missed="0" covered="2"/><counter type="COMPLEXITY" missed="0" covered="1"/><counter type="METHOD" missed="0" covered="1"/></method><counter type="INSTRUCTION" missed="9" covered="17"/><counter type="LINE" missed="4" covered="8"/><counter type="COMPLEXITY" missed="1" covered="5"/><counter type="METHOD" missed="1" covered="5"/><counter type="CLASS" missed="0" covered="1"/></class><class name="busreservartionsystemmm/Test"><method name="&lt;init&gt;" desc="()V" line="12"><counter type="INSTRUCTION" missed="3" covered="0"/><counter type="LINE" missed="1" covered="0"/><counter type="COMPLEXITY" missed="1" covered="0"/><counter type="METHOD" missed="1" covered="0"/></method><method name="main" desc="([Ljava/lang/String;)V" line="15"><counter type="INSTRUCTION" missed="18" covered="0"/><counter type="LINE" missed="5" covered="0"/><counter type="COMPLEXITY" missed="1" covered="0"/><counter type="METHOD" missed="1" covered="0"/></method><counter type="INSTRUCTION" missed="21" covered="0"/><counter type="LINE" missed="6" covered="0"/><counter type="COMPLEXITY" missed="2" covered="0"/><counter type="METHOD" missed="2" covered="0"/><counter type="CLASS" missed="1" covered="0"/></class><class name="busreservartionsystemmm/View$21"><method name="&lt;init&gt;" desc="(Lbusreservartionsystemmm/View;)V" line="793"><counter type="INSTRUCTION" missed="0" covered="6"/><counter type="LINE" missed="0" covered="1"/><counter type="COMPLEXITY" missed="0" covered="1"/><counter type="METHOD" missed="0" covered="1"/></method><method name="actionPerformed" desc="(Ljava/awt/event/ActionEvent;)V" line="795"><counter type="INSTRUCTION" missed="5" covered="0"/><counter type="LINE" missed="2" covered="0"/><counter type="COMPLEXITY" missed="1" covered="0"/><counter type="METHOD" missed="1" covered="0"/></method><counter type="INSTRUCTION" missed="5" covered="6"/><counter type="LINE" missed="2" covered="1"/><counter type="COMPLEXITY" missed="1" covered="1"/><counter type="METHOD" missed="1" covered="1"/><counter type="CLASS" missed="0" covered="1"/></class><class name="busreservartionsystemmm/View$22"><method name="&lt;init&gt;" desc="(Lbusreservartionsystemmm/View;)V" line="805"><counter type="INSTRUCTION" missed="0" covered="6"/><counter type="LINE" missed="0" covered="1"/><counter type="COMPLEXITY" missed="0" covered="1"/><counter type="METHOD" missed="0" covered="1"/></method><method name="actionPerformed" desc="(Ljava/awt/event/ActionEvent;)V" line="807"><counter type="INSTRUCTION" missed="5" covered="0"/><counter type="LINE" missed="2" covered="0"/><counter type="COMPLEXITY" missed="1" covered="0"/><counter type="METHOD" missed="1" covered="0"/></method><counter type="INSTRUCTION" missed="5" covered="6"/><counter type="LINE" missed="2" covered="1"/><counter type="COMPLEXITY" missed="1" covered="1"/><counter type="METHOD" missed="1" covered="1"/><counter type="CLASS" missed="0" covered="1"/></class><class name="busreservartionsystemmm/View$23"><method name="&lt;init&gt;" desc="(Lbusreservartionsystemmm/View;)V" line="818"><counter type="INSTRUCTION" missed="0" covered="6"/><counter type="LINE" missed="0" covered="1"/><counter type="COMPLEXITY" missed="0" covered="1"/><counter type="METHOD" missed="0" covered="1"/></method><method name="actionPerformed" desc="(Ljava/awt/event/ActionEvent;)V" line="820"><counter type="INSTRUCTION" missed="5" covered="0"/><counter type="LINE" missed="2" covered="0"/><counter type="COMPLEXITY" missed="1" covered="0"/><counter type="METHOD" missed="1" covered="0"/></method><counter type="INSTRUCTION" missed="5" covered="6"/><counter type="LINE" missed="2" covered="1"/><counter type="COMPLEXITY" missed="1" covered="1"/><counter type="METHOD" missed="1" covered="1"/><counter type="CLASS" missed="0" covered="1"/></class><class name="busreservartionsystemmm/View$24"><method name="&lt;init&gt;" desc="(Lbusreservartionsystemmm/View;)V" line="842"><counter type="INSTRUCTION" missed="0" covered="6"/><counter type="LINE" missed="0" covered="1"/><counter type="COMPLEXITY" missed="0" covered="1"/><counter type="METHOD" missed="0" covered="1"/></method><method name="actionPerformed" desc="(Ljava/awt/event/ActionEvent;)V" line="844"><counter type="INSTRUCTION" missed="5" covered="0"/><counter type="LINE" missed="2" covered="0"/><counter type="COMPLEXITY" missed="1" covered="0"/><counter type="METHOD" missed="1" covered="0"/></method><counter type="INSTRUCTION" missed="5" covered="6"/><counter type="LINE" missed="2" covered="1"/><counter type="COMPLEXITY" missed="1" covered="1"/><counter type="METHOD" missed="1" covered="1"/><counter type="CLASS" missed="0" covered="1"/></class><class name="busreservartionsystemmm/Controller$searchListener"><method name="&lt;init&gt;" desc="(Lbusreservartionsystemmm/Controller;)V" line="97"><counter type="INSTRUCTION" missed="6" covered="0"/><counter type="LINE" missed="1" covered="0"/><counter type="COMPLEXITY" missed="1" covered="0"/><counter type="METHOD" missed="1" covered="0"/></method><method name="actionPerformed" desc="(Ljava/awt/event/ActionEvent;)V" line="102"><counter type="INSTRUCTION" missed="170" covered="0"/><counter type="BRANCH" missed="18" covered="0"/><counter type="LINE" missed="19" covered="0"/><counter type="COMPLEXITY" missed="10" covered="0"/><counter type="METHOD" missed="1" covered="0"/></method><counter type="INSTRUCTION" missed="176" covered="0"/><counter type="BRANCH" missed="18" covered="0"/><counter type="LINE" missed="20" covered="0"/><counter type="COMPLEXITY" missed="11" covered="0"/><counter type="METHOD" missed="2" covered="0"/><counter type="CLASS" missed="1" covered="0"/></class><class name="busreservartionsystemmm/View$20"><method name="&lt;init&gt;" desc="(Lbusreservartionsystemmm/View;)V" line="786"><counter type="INSTRUCTION" missed="0" covered="6"/><counter type="LINE" missed="0" covered="1"/><counter type="COMPLEXITY" missed="0" covered="1"/><counter type="METHOD" missed="0" covered="1"/></method><method name="actionPerformed" desc="(Ljava/awt/event/ActionEvent;)V" line="788"><counter type="INSTRUCTION" missed="5" covered="0"/><counter type="LINE" missed="2" covered="0"/><counter type="COMPLEXITY" missed="1" covered="0"/><counter type="METHOD" missed="1" covered="0"/></method><counter type="INSTRUCTION" missed="5" covered="6"/><counter type="LINE" missed="2" covered="1"/><counter type="COMPLEXITY" missed="1" covered="1"/><counter type="METHOD" missed="1" covered="1"/><counter type="CLASS" missed="0" covered="1"/></class><sourcefile name="Model.java"><line nr="22" mi="0" ci="2" mb="0" cb="0"/><line nr="24" mi="0" ci="6" mb="0" cb="0"/><line nr="160" mi="4" ci="7" mb="1" cb="1"/><line nr="161" mi="4" ci="0" mb="2" cb="0"/><line nr="162" mi="6" ci="0" mb="2" cb="0"/><line nr="163" mi="8" ci="0" mb="0" cb="0"/><line nr="164" mi="6" ci="0" mb="0" cb="0"/><line nr="165" mi="6" ci="0" mb="0" cb="0"/><line nr="168" mi="2" ci="0" mb="0" cb="0"/><line nr="172" mi="1" ci="0" mb="0" cb="0"/><line nr="173" mi="0" ci="2" mb="0" cb="0"/><line nr="178" mi="4" ci="7" mb="1" cb="1"/><line nr="179" mi="4" ci="0" mb="2" cb="0"/><line nr="180" mi="2" ci="0" mb="0" cb="0"/><line nr="182" mi="1" ci="0" mb="0" cb="0"/><line nr="183" mi="0" ci="2" mb="0" cb="0"/><line nr="188" mi="0" ci="14" mb="0" cb="0"/><line nr="190" mi="0" ci="9" mb="0" cb="2"/><line nr="191" mi="0" ci="4" mb="0" cb="0"/><line nr="192" mi="0" ci="3" mb="0" cb="0"/><line nr="193" mi="0" ci="3" mb="0" cb="0"/><line nr="194" mi="0" ci="5" mb="0" cb="0"/><line nr="196" mi="0" ci="5" mb="1" cb="1"/><line nr="199" mi="0" ci="2" mb="0" cb="0"/><line nr="201" mi="2" ci="0" mb="0" cb="0"/><line nr="223" mi="4" ci="7" mb="1" cb="1"/><line nr="224" mi="4" ci="0" mb="2" cb="0"/><line nr="225" mi="3" ci="0" mb="0" cb="0"/><line nr="226" mi="3" ci="0" mb="0" cb="0"/><line nr="227" mi="3" ci="0" mb="0" cb="0"/><line nr
[...]
="0" ci="2" mb="0" cb="0"/><line nr="675" mi="0" ci="6" mb="0" cb="0"/><line nr="676" mi="0" ci="1" mb="0" cb="0"/><line nr="677" mi="0" ci="5" mb="0" cb="0"/><line nr="678" mi="0" ci="4" mb="0" cb="0"/><line nr="679" mi="0" ci="6" mb="0" cb="0"/><line nr="680" mi="0" ci="1" mb="0" cb="0"/><line nr="681" mi="0" ci="4" mb="0" cb="0"/><line nr="682" mi="0" ci="3" mb="0" cb="0"/><line nr="683" mi="0" ci="3" mb="0" cb="0"/><line nr="684" mi="0" ci="6" mb="0" cb="0"/><line nr="685" mi="0" ci="3" mb="0" cb="0"/><line nr="686" mi="0" ci="7" mb="0" cb="0"/><line nr="687" mi="0" ci="6" mb="0" cb="0"/><line nr="688" mi="0" ci="1" mb="0" cb="0"/><line nr="689" mi="0" ci="5" mb="0" cb="0"/><line nr="690" mi="0" ci="6" mb="0" cb="0"/><line nr="691" mi="0" ci="1" mb="0" cb="0"/><line nr="692" mi="0" ci="5" mb="0" cb="0"/><line nr="693" mi="0" ci="6" mb="0" cb="0"/><line nr="694" mi="0" ci="1" mb="0" cb="0"/><line nr="695" mi="0" ci="1" mb="0" cb="0"/><line nr="697" mi="0" ci="4" mb="0" cb="0"/><line nr="698" mi="0" ci="2" mb="0" cb="0"/><line nr="699" mi="0" ci="4" mb="0" cb="0"/><line nr="700" mi="0" ci="6" mb="0" cb="0"/><line nr="701" mi="0" ci="6" mb="0" cb="0"/><line nr="702" mi="0" ci="6" mb="0" cb="0"/><line nr="703" mi="0" ci="1" mb="0" cb="0"/><line nr="704" mi="0" ci="5" mb="0" cb="0"/><line nr="705" mi="0" ci="6" mb="0" cb="0"/><line nr="706" mi="0" ci="4" mb="0" cb="0"/><line nr="707" mi="0" ci="6" mb="0" cb="0"/><line nr="708" mi="0" ci="1" mb="0" cb="0"/><line nr="709" mi="0" ci="3" mb="0" cb="0"/><line nr="710" mi="0" ci="8" mb="0" cb="0"/><line nr="711" mi="0" ci="6" mb="0" cb="0"/><line nr="712" mi="0" ci="6" mb="0" cb="0"/><line nr="713" mi="0" ci="6" mb="0" cb="0"/><line nr="714" mi="0" ci="1" mb="0" cb="0"/><line nr="715" mi="0" ci="3" mb="0" cb="0"/><line nr="716" mi="0" ci="10" mb="0" cb="0"/><line nr="717" mi="0" ci="6" mb="0" cb="0"/><line nr="718" mi="0" ci="6" mb="0" cb="0"/><line nr="719" mi="0" ci="6" mb="0" cb="0"/><line nr="720" mi="0" ci="1" mb="0" cb="0"/><line nr="721" mi="0" ci="3" mb="0" cb="0"/><line nr="722" mi="0" ci="7" mb="0" cb="0"/><line nr="723" mi="0" ci="3" mb="0" cb="0"/><line nr="724" mi="0" ci="3" mb="0" cb="0"/><line nr="725" mi="0" ci="1" mb="0" cb="0"/><line nr="726" mi="0" ci="3" mb="0" cb="0"/><line nr="727" mi="0" ci="7" mb="0" cb="0"/><line nr="728" mi="0" ci="3" mb="0" cb="0"/><line nr="729" mi="0" ci="3" mb="0" cb="0"/><line nr="730" mi="0" ci="1" mb="0" cb="0"/><line nr="731" mi="0" ci="3" mb="0" cb="0"/><line nr="732" mi="0" ci="7" mb="0" cb="0"/><line nr="733" mi="0" ci="6" mb="0" cb="0"/><line nr="734" mi="0" ci="1" mb="0" cb="0"/><line nr="735" mi="0" ci="3" mb="0" cb="0"/><line nr="736" mi="0" ci="10" mb="0" cb="0"/><line nr="737" mi="0" ci="6" mb="0" cb="0"/><line nr="738" mi="0" ci="1" mb="0" cb="0"/><line nr="739" mi="0" ci="6" mb="0" cb="0"/><line nr="740" mi="0" ci="4" mb="0" cb="0"/><line nr="741" mi="0" ci="6" mb="0" cb="0"/><line nr="742" mi="0" ci="3" mb="0" cb="0"/><line nr="743" mi="0" ci="1" mb="0" cb="0"/><line nr="746" mi="0" ci="6" mb="0" cb="0"/><line nr="748" mi="0" ci="9" mb="0" cb="0"/><line nr="749" mi="0" ci="9" mb="0" cb="0"/><line nr="750" mi="0" ci="7" mb="0" cb="0"/><line nr="752" mi="0" ci="9" mb="0" cb="0"/><line nr="753" mi="0" ci="9" mb="0" cb="0"/><line nr="754" mi="0" ci="4" mb="0" cb="0"/><line nr="756" mi="0" ci="9" mb="0" cb="0"/><line nr="757" mi="0" ci="4" mb="0" cb="0"/><line nr="759" mi="0" ci="9" mb="0" cb="0"/><line nr="760" mi="0" ci="4" mb="0" cb="0"/><line nr="761" mi="0" ci="13" mb="0" cb="0"/><line nr="763" mi="4" ci="0" mb="0" cb="0"/><line nr="764" mi="1" ci="0" mb="0" cb="0"/><line nr="767" mi="0" ci="9" mb="0" cb="0"/><line nr="768" mi="0" ci="4" mb="0" cb="0"/><line nr="770" mi="0" ci="9" mb="0" cb="0"/><line nr="771" mi="0" ci="4" mb="0" cb="0"/><line nr="773" mi="0" ci="9" mb="0" cb="0"/><line nr="774" mi="0" ci="4" mb="0" cb="0"/><line nr="776" mi="0" ci="9" mb="0" cb="0"/><line nr="777" mi="0" ci="4" mb="0" cb="0"/><line nr="779" mi="0" ci="9" mb="0" cb="0"/><line nr="780" mi="0" ci="4" mb="0" cb="0"/><line nr="782" mi="0" ci="9" mb="0" cb="0"/><line nr="783" mi="0" ci="4" mb="0" cb="0"/><line nr="785" mi="0" ci="44" mb="0" cb="0"/><line nr="786" mi="0" ci="13" mb="0" cb="0"/><line nr="788" mi="4" ci="0" mb="0" cb="0"/><line nr="789" mi="1" ci="0" mb="0" cb="0"/><line nr="792" mi="0" ci="44" mb="0" cb="0"/><line nr="793" mi="0" ci="13" mb="0" cb="0"/><line nr="795" mi="4" ci="0" mb="0" cb="0"/><line nr="796" mi="1" ci="0" mb="0" cb="0"/><line nr="799" mi="0" ci="9" mb="0" cb="0"/><line nr="800" mi="0" ci="9" mb="0" cb="0"/><line nr="801" mi="0" ci="4" mb="0" cb="0"/><line nr="803" mi="0" ci="9" mb="0" cb="0"/><line nr="804" mi="0" ci="4" mb="0" cb="0"/><line nr="805" mi="0" ci="13" mb="0" cb="0"/><line nr="807" mi="4" ci="0" mb="0" cb="0"/><line nr="808" mi="1" ci="0" mb="0" cb="0"/><line nr="811" mi="0" ci="9" mb="0" cb="0"/><line nr="812" mi="0" ci="4" mb="0" cb="0"/><line nr="814" mi="0" ci="9" mb="0" cb="0"/><line nr="815" mi="0" ci="4" mb="0" cb="0"/><line nr="817" mi="0" ci="4" mb="0" cb="0"/><line nr="818" mi="0" ci="13" mb="0" cb="0"/><line nr="820" mi="4" ci="0" mb="0" cb="0"/><line nr="821" mi="1" ci="0" mb="0" cb="0"/><line nr="824" mi="0" ci="4" mb="0" cb="0"/><line nr="826" mi="0" ci="4" mb="0" cb="0"/><line nr="828" mi="0" ci="4" mb="0" cb="0"/><line nr="830" mi="0" ci="9" mb="0" cb="0"/><line nr="831" mi="0" ci="50" mb="0" cb="0"/><line nr="839" mi="0" ci="5" mb="0" cb="0"/><line nr="841" mi="0" ci="104" mb="0" cb="0"/><line nr="842" mi="0" ci="13" mb="0" cb="0"/><line nr="844" mi="4" ci="0" mb="0" cb="0"/><line nr="845" mi="1" ci="0" mb="0" cb="0"/><line nr="848" mi="0" ci="24" mb="0" cb="0"/><line nr="849" mi="0" ci="13" mb="0" cb="0"/><line nr="851" mi="4" ci="0" mb="0" cb="0"/><line nr="852" mi="1" ci="0" mb="0" cb="0"/><line nr="855" mi="0" ci="9" mb="0" cb="0"/><line nr="856" mi="0" ci="4" mb="0" cb="0"/><line nr="858" mi="0" ci="9" mb="0" cb="0"/><line nr="859" mi="0" ci="4" mb="0" cb="0"/><line nr="861" mi="0" ci="10" mb="0" cb="0"/><line nr="862" mi="0" ci="13" mb="0" cb="0"/><line nr="864" mi="4" ci="0" mb="0" cb="0"/><line nr="865" mi="1" ci="0" mb="0" cb="0"/><line nr="868" mi="0" ci="4" mb="0" cb="0"/><line nr="870" mi="0" ci="4" mb="0" cb="0"/><line nr="872" mi="0" ci="6" mb="0" cb="0"/><line nr="873" mi="0" ci="4" mb="0" cb="0"/><line nr="874" mi="0" ci="4" mb="0" cb="0"/><line nr="875" mi="0" ci="2" mb="0" cb="0"/><line nr="876" mi="0" ci="6" mb="0" cb="0"/><line nr="877" mi="0" ci="6" mb="0" cb="0"/><line nr="878" mi="0" ci="4" mb="0" cb="0"/><line nr="879" mi="0" ci="1" mb="0" cb="0"/><line nr="880" mi="0" ci="3" mb="0" cb="0"/><line nr="881" mi="0" ci="3" mb="0" cb="0"/><line nr="882" mi="0" ci="1" mb="0" cb="0"/><line nr="883" mi="0" ci="1" mb="0" cb="0"/><line nr="884" mi="0" ci="6" mb="0" cb="0"/><line nr="885" mi="0" ci="6" mb="0" cb="0"/><line nr="886" mi="0" ci="3" mb="0" cb="0"/><line nr="887" mi="0" ci="1" mb="0" cb="0"/><line nr="888" mi="0" ci="4" mb="0" cb="0"/><line nr="889" mi="0" ci="5" mb="0" cb="0"/><line nr="890" mi="0" ci="7" mb="0" cb="0"/><line nr="891" mi="0" ci="3" mb="0" cb="0"/><line nr="892" mi="0" ci="10" mb="0" cb="0"/><line nr="893" mi="0" ci="3" mb="0" cb="0"/><line nr="894" mi="0" ci="3" mb="0" cb="0"/><line nr="895" mi="0" ci="6" mb="0" cb="0"/><line nr="896" mi="0" ci="6" mb="0" cb="0"/><line nr="897" mi="0" ci="6" mb="0" cb="0"/><line nr="898" mi="0" ci="3" mb="0" cb="0"/><line nr="899" mi="0" ci="1" mb="0" cb="0"/><line nr="900" mi="0" ci="1" mb="0" cb="0"/><line nr="901" mi="0" ci="2" mb="0" cb="0"/><line nr="902" mi="0" ci="3" mb="0" cb="0"/><line nr="903" mi="0" ci="4" mb="0" cb="0"/><line nr="904" mi="0" ci="1" mb="0" cb="0"/><line nr="905" mi="0" ci="3" mb="0" cb="0"/><line nr="906" mi="0" ci="5" mb="0" cb="0"/><line nr="907" mi="0" ci="4" mb="0" cb="0"/><line nr="908" mi="0" ci="9" mb="0" cb="0"/><line nr="909" mi="0" ci="7" mb="0" cb="0"/><line nr="910" mi="0" ci="12" mb="0" cb="0"/><line nr="911" mi="0" ci="2" mb="0" cb="0"/><line nr="912" mi="0" ci="6" mb="0" cb="0"/><line nr="913" mi="0" ci="4" mb="0" cb="0"/><line nr="914" mi="0" ci="6" mb="0" cb="0"/><line nr="915" mi="0" ci="1" mb="0" cb="0"/><line nr="916" mi="0" ci="1" mb="0" cb="0"/><line nr="917" mi="0" ci="6" mb="0" cb="0"/><line nr="918" mi="0" ci="2" mb="0" cb="0"/><line nr="919" mi="0" ci="6" mb="0" cb="0"/><line nr="920" mi="0" ci="1" mb="0" cb="0"/><line nr="921" mi="0" ci="2" mb="0" cb="0"/><line nr="922" mi="0" ci="9" mb="0" cb="0"/><line nr="923" mi="0" ci="7" mb="0" cb="0"/><line nr="924" mi="0" ci="3" mb="0" cb="0"/><line nr="925" mi="0" ci="1" mb="0" cb="0"/><line nr="926" mi="0" ci="3" mb="0" cb="0"/><line nr="927" mi="0" ci="4" mb="0" cb="0"/><line nr="928" mi="0" ci="3" mb="0" cb="0"/><line nr="929" mi="0" ci="1" mb="0" cb="0"/><line nr="930" mi="0" ci="1" mb="0" cb="0"/><line nr="931" mi="0" ci="3" mb="0" cb="0"/><line nr="932" mi="0" ci="7" mb="0" cb="0"/><line nr="933" mi="0" ci="12" mb="0" cb="0"/><line nr="934" mi="0" ci="6" mb="0" cb="0"/><line nr="935" mi="0" ci="6" mb="0" cb="0"/><line nr="936" mi="0" ci="1" mb="0" cb="0"/><line nr="937" mi="0" ci="1" mb="0" cb="0"/><line nr="938" mi="0" ci="3" mb="0" cb="0"/><line nr="939" mi="0" ci="1" mb="0" cb="0"/><line nr="940" mi="0" ci="5" mb="0" cb="0"/><line nr="941" mi="0" ci="10" mb="0" cb="0"/><line nr="942" mi="0" ci="6" mb="0" cb="0"/><line nr="943" mi="0" ci="1" mb="0" cb="0"/><line nr="944" mi="0" ci="1" mb="0" cb="0"/><line nr="946" mi="0" ci="4" mb="0" cb="0"/><line nr="947" mi="0" ci="3" mb="0" cb="0"/><line nr="948" mi="0" ci="4" mb="0" cb="0"/><line nr="949" mi="0" ci="4" mb="0" cb="0"/><line nr="950" mi="0" ci="6" mb="0" cb="0"/><line nr="951" mi="0" ci="3" mb="0" cb="0"/><line nr="952" mi="0" ci="4" mb="0" cb="0"/><line nr="953" mi="0" ci="3" mb="0" cb="0"/><line nr="954" mi="0" ci="10" mb="0" cb="0"/><line nr="955" mi="0" ci="6" mb="0" cb="0"/><line nr="956" mi="0" ci="1" mb="0" cb="0"/><line nr="957" mi="0" ci="3" mb="0" cb="0"/><line nr="958" mi="0" ci="8" mb="0" cb="0"/><line nr="959" mi="0" ci="6" mb="0" cb="0"/><line nr="960" mi="0" ci="1" mb="0" cb="0"/><line nr="961" mi="0" ci="3" mb="0" cb="0"/><line nr="962" mi="0" ci="10" mb="0" cb="0"/><line nr="963" mi="0" ci="6" mb="0" cb="0"/><line nr="964" mi="0" ci="6" mb="0" cb="0"/><line nr="965" mi="0" ci="6" mb="0" cb="0"/><line nr="966" mi="0" ci="1" mb="0" cb="0"/><line nr="967" mi="0" ci="3" mb="0" cb="0"/><line nr="968" mi="0" ci="10" mb="0" cb="0"/><line nr="969" mi="0" ci="6" mb="0" cb="0"/><line nr="970" mi="0" ci="6" mb="0" cb="0"/><line nr="971" mi="0" ci="6" mb="0" cb="0"/><line nr="972" mi="0" ci="1" mb="0" cb="0"/><line nr="973" mi="0" ci="3" mb="0" cb="0"/><line nr="974" mi="0" ci="7" mb="0" cb="0"/><line nr="975" mi="0" ci="3" mb="0" cb="0"/><line nr="976" mi="0" ci="3" mb="0" cb="0"/><line nr="977" mi="0" ci="1" mb="0" cb="0"/><line nr="978" mi="0" ci="3" mb="0" cb="0"/><line nr="979" mi="0" ci="7" mb="0" cb="0"/><line nr="980" mi="0" ci="3" mb="0" cb="0"/><line nr="981" mi="0" ci="3" mb="0" cb="0"/><line nr="982" mi="0" ci="1" mb="0" cb="0"/><line nr="983" mi="0" ci="3" mb="0" cb="0"/><line nr="984" mi="0" ci="7" mb="0" cb="0"/><line nr="985" mi="0" ci="6" mb="0" cb="0"/><line nr="986" mi="0" ci="1" mb="0" cb="0"/><line nr="987" mi="0" ci="3" mb="0" cb="0"/><line nr="988" mi="0" ci="7" mb="0" cb="0"/><line nr="989" mi="0" ci="6" mb="0" cb="0"/><line nr="990" mi="0" ci="1" mb="0" cb="0"/><line nr="991" mi="0" ci="5" mb="0" cb="0"/><line nr="992" mi="0" ci="6" mb="0" cb="0"/><line nr="993" mi="0" ci="4" mb="0" cb="0"/><line nr="994" mi="0" ci="6" mb="0" cb="0"/><line nr="995" mi="0" ci="4" mb="0" cb="0"/><line nr="996" mi="0" ci="6" mb="0" cb="0"/><line nr="997" mi="0" ci="4" mb="0" cb="0"/><line nr="998" mi="0" ci="6" mb="0" cb="0"/><line nr="999" mi="0" ci="1" mb="0" cb="0"/><line nr="1000" mi="0" ci="6" mb="0" cb="0"/><line nr="1001" mi="0" ci="4" mb="0" cb="0"/><line nr="1002" mi="0" ci="6" mb="0" cb="0"/><line nr="1003" mi="0" ci="2" mb="0" cb="0"/><line nr="1004" mi="0" ci="3" mb="0" cb="0"/><line nr="1005" mi="0" ci="1" mb="0" cb="0"/><line nr="1008" mi="0" ci="6" mb="0" cb="0"/><line nr="1010" mi="0" ci="2" mb="0" cb="0"/><line nr="1011" mi="0" ci="1" mb="0" cb="0"/><line nr="1015" mi="1" ci="0" mb="0" cb="0"/><line nr="1020" mi="4" ci="0" mb="2" cb="0"/><line nr="1021" mi="5" ci="0" mb="0" cb="0"/><line nr="1024" mi="4" ci="0" mb="0" cb="0"/><line nr="1027" mi="1" ci="0" mb="0" cb="0"/><line nr="1031" mi="4" ci="0" mb="0" cb="0"/><line nr="1032" mi="4" ci="0" mb="0" cb="0"/><line nr="1033" mi="1" ci="0" mb="0" cb="0"/><line nr="1037" mi="2" ci="0" mb="0" cb="0"/><line nr="1038" mi="1" ci="0" mb="0" cb="0"/><line nr="1044" mi="1" ci="0" mb="0" cb="0"/><line nr="1048" mi="1" ci="0" mb="0" cb="0"/><line nr="1053" mi="1" ci="0" mb="0" cb="0"/><line nr="1058" mi="4" ci="0" mb="0" cb="0"/><line nr="1059" mi="4" ci="0" mb="0" cb="0"/><line nr="1060" mi="1" ci="0" mb="0" cb="0"/><line nr="1064" mi="4" ci="0" mb="0" cb="0"/><line nr="1065" mi="4" ci="0" mb="0" cb="0"/><line nr="1066" mi="1" ci="0" mb="0" cb="0"/><line nr="1071" mi="1" ci="0" mb="0" cb="0"/><line nr="1075" mi="2" ci="0" mb="0" cb="0"/><line nr="1076" mi="1" ci="0" mb="0" cb="0"/><line nr="1081" mi="1" ci="0" mb="0" cb="0"/><line nr="1085" mi="1" ci="0" mb="0" cb="0"/><line nr="1089" mi="1" ci="0" mb="0" cb="0"/><line nr="1093" mi="1" ci="0" mb="0" cb="0"/><line nr="1097" mi="1" ci="0" mb="0" cb="0"/><line nr="1104" mi="1" ci="0" mb="0" cb="0"/><line nr="1108" mi="1" ci="0" mb="0" cb="0"/><line nr="1112" mi="4" ci="0" mb="0" cb="0"/><line nr="1113" mi="4" ci="0" mb="0" cb="0"/><line nr="1114" mi="1" ci="0" mb="0" cb="0"/><line nr="1118" mi="1" ci="0" mb="0" cb="0"/><line nr="1122" mi="1" ci="0" mb="0" cb="0"/><line nr="1126" mi="1" ci="0" mb="0" cb="0"/><line nr="1130" mi="1" ci="0" mb="0" cb="0"/><line nr="1134" mi="4" ci="0" mb="2" cb="0"/><line nr="1135" mi="4" ci="0" mb="0" cb="0"/><line nr="1137" mi="1" ci="0" mb="0" cb="0"/><line nr="1141" mi="1" ci="0" mb="0" cb="0"/><line nr="1145" mi="1" ci="0" mb="0" cb="0"/><line nr="1149" mi="4" ci="0" mb="0" cb="0"/><line nr="1151" mi="1" ci="0" mb="0" cb="0"/><line nr="1155" mi="1" ci="0" mb="0" cb="0"/><line nr="1167" mi="0" ci="16" mb="1" cb="1"/><line nr="1168" mi="0" ci="5" mb="0" cb="2"/><line nr="1169" mi="0" ci="3" mb="0" cb="0"/><line nr="1170" mi="0" ci="1" mb="0" cb="0"/><line nr="1173" mi="1" ci="0" mb="0" cb="0"/><line nr="1174" mi="7" ci="0" mb="0" cb="0"/><line nr="1175" mi="1" ci="0" mb="0" cb="0"/><line nr="1176" mi="7" ci="0" mb="0" cb="0"/><line nr="1177" mi="1" ci="0" mb="0" cb="0"/><line nr="1178" mi="7" ci="0" mb="0" cb="0"/><line nr="1179" mi="1" ci="0" mb="0" cb="0"/><line nr="1180" mi="7" ci="0" mb="0" cb="0"/><line nr="1181" mi="3" ci="1" mb="0" cb="0"/><line nr="1185" mi="0" ci="7" mb="0" cb="0"/><line nr="1187" mi="5" ci="0" mb="0" cb="0"/><line nr="1188" mi="1" ci="0" mb="0" cb="0"/><line nr="1190" mi="0" ci="1" mb="0" cb="0"/><line nr="1194" mi="0" ci="3" mb="0" cb="0"/><line nr="1198" mi="0" ci="3" mb="0" cb="0"/><line nr="1199" mi="0" ci="1" mb="0" cb="0"/><line nr="1202" mi="0" ci="3" mb="0" cb="0"/><line nr="1206" mi="0" ci="3" mb="0" cb="0"/><line nr="1207" mi="0" ci="1" mb="0" cb="0"/><line nr="1210" mi="0" ci="5" mb="0" cb="0"/><line nr="1214" mi="0" ci="5" mb="0" cb="0"/><line nr="1218" mi="0" ci="4" mb="0" cb="0"/><line nr="1222" mi="0" ci="4" mb="0" cb="0"/><line nr="1226" mi="0" ci="4" mb="1" cb="1"/><line nr="1227" mi="0" ci="2" mb="0" cb="0"/><line nr="1229" mi="5" ci="0" mb="0" cb="0"/><line nr="1230" mi="6" ci="0" mb="0" cb="0"/><line nr="1237" mi="0" ci="4" mb="1" cb="1"/><line nr="1239" mi="0" ci="2" mb="0" cb="0"/><line nr="1241" mi="5" ci="0" mb="0" cb="0"/><line nr="1242" mi="6" ci="0" mb="0" cb="0"/><line nr="1248" mi="0" ci="6" mb="0" cb="0"/><line nr="1252" mi="0" ci="4" mb="0" cb="0"/><line nr="1254" mi="0" ci="1" mb="0" cb="0"/><line nr="1258" mi="0" ci="3" mb="0" cb="0"/><line nr="1263" mi="0" ci="3" mb="0" cb="0"/><line nr="1264" mi="0" ci="1" mb="0" cb="0"/><line nr="1267" mi="5" ci="0" mb="0" cb="0"/><line nr="1271" mi="0" ci="4" mb="0" cb="0"/><line nr="1275" mi="0" ci="6" mb="0" cb="0"/><line nr="1279" mi="0" ci="6" mb="0" cb="0"/><line nr="1283" mi="0" ci="5" mb="0" cb="0"/><line nr="1287" mi="0" ci="5" mb="0" cb="0"/><line nr="1292" mi="0" ci="4" mb="1" cb="1"/><line nr="1293" mi="2" ci="0" mb="0" cb="0"/><line nr="1295" mi="0" ci="2" mb="0" cb="0"/><line nr="1300" mi="0" ci="4" mb="1" cb="1"/><line nr="1301" mi="2" ci="0" mb="0" cb="0"/><line nr="1303" mi="0" ci="2" mb="0" cb="0"/><line nr="1307" mi="0" ci="5" mb="0" cb="0"/><line nr="1308" mi="6" ci="0" mb="0" cb="0"/><line nr="1313" mi="0" ci="5" mb="0" cb="0"/><line nr="1314" mi="6" ci="0" mb="0" cb="0"/><line nr="1319" mi="0" ci="3" mb="0" cb="0"/><line nr="1323" mi="0" ci="3" mb="0" cb="0"/><line nr="1324" mi="0" ci="1" mb="0" cb="0"/><line nr="1327" mi="0" ci="5" mb="1" cb="1"/><line nr="1328" mi="0" ci="2" mb="0" cb="0"/><line nr="1331" mi="10" ci="0" mb="0" cb="0"/><line nr="1336" mi="0" ci="4" mb="0" cb="0"/><line nr="1340" mi="0" ci="4" mb="0" cb="0"/><line nr="1342" mi="0" ci="1" mb="0" cb="0"/><line nr="1345" mi="0" ci="4" mb="0" cb="0"/><line nr="1347" mi="0" ci="1" mb="0" cb="0"/><line nr="1349" mi="0" ci="4" mb="0" cb="0"/><line nr="1351" mi="0" ci="1" mb="0" cb="0"/><line nr="1356" mi="0" ci="3" mb="0" cb="0"/><line nr="1360" mi="0" ci="3" mb="0" cb="0"/><line nr="1361" mi="0" ci="1" mb="0" cb="0"/><line nr="1364" mi="0" ci="4" mb="0" cb="0"/><line nr="1365" mi="0" ci="1" mb="0" cb="0"/><line nr="1372" mi="10" ci="0" mb="0" cb="0"/><line nr="1381" mi="0" ci="4" mb="0" cb="0"/><line nr="1382" mi="0" ci="1" mb="0" cb="0"/><line nr="1384" mi="0" ci="4" mb="0" cb="0"/><line nr="1388" mi="0" ci="6" mb="0" cb="0"/><line nr="1392" mi="0" ci="6" mb="0" cb="0"/><line nr="1396" mi="0" ci="5" mb="0" cb="0"/><line nr="1400" mi="0" ci="5" mb="0" cb="0"/><line nr="1405" mi="0" ci="4" mb="1" cb="1"/><line nr="1406" mi="2" ci="0" mb="0" cb="0"/><line nr="1408" mi="0" ci="2" mb="0" cb="0"/><line nr="1413" mi="0" ci="4" mb="1" cb="1"/><line nr="1414" mi="2" ci="0" mb="0" cb="0"/><line nr="1416" mi="0" ci="2" mb="0" cb="0"/><line nr="1420" mi="0" ci="5" mb="0" cb="0"/><line nr="1421" mi="6" ci="0" mb="0" cb="0"/><line nr="1426" mi="5" ci="0" mb="0" cb="0"/><line nr="1427" mi="6" ci="0" mb="0" cb="0"/><line nr="1432" mi="0" ci="5" mb="1" cb="1"/><line nr="1433" mi="0" ci="2" mb="0" cb="0"/><line nr="1436" mi="10" ci="0" mb="0" cb="0"/><line nr="1441" mi="0" ci="3" mb="0" cb="0"/><line nr="1445" mi="0" ci="3" mb="0" cb="0"/><line nr="1446" mi="0" ci="1" mb="0" cb="0"/><line nr="1451" mi="0" ci="4" mb="0" cb="0"/><line nr="1454" mi="0" ci="4" mb="0" cb="0"/><line nr="1457" mi="0" ci="4" mb="0" cb="0"/><line nr="1459" mi="0" ci="1" mb="0" cb="0"/><line nr="1462" mi="0" ci="3" mb="0" cb="0"/><line nr="1466" mi="0" ci="3" mb="0" cb="0"/><line nr="1467" mi="0" ci="1" mb="0" cb="0"/><counter type="INSTRUCTION" missed="354" covered="4586"/><counter type="BRANCH" missed="13" covered="11"/><counter type="LINE" missed="123" covered="821"/><counter type="COMPLEXITY" missed="69" covered="81"/><counter type="METHOD" missed="58" covered="80"/><counter type="CLASS" missed="0" covered="28"/></sourcefile><counter type="INSTRUCTION" missed="4286" covered="4732"/><counter type="BRANCH" missed="108" covered="18"/><counter type="LINE" missed="771" covered="861"/><counter type="COMPLEXITY" missed="191" covered="95"/><counter type="METHOD" missed="130" covered="93"/><counter type="CLASS" missed="15" covered="31"/></package><counter type="INSTRUCTION" missed="4286" covered="4732"/><counter type="BRANCH" missed="108" covered="18"/><counter type="LINE" missed="771" covered="861"/><counter type="COMPLEXITY" missed="191" covered="95"/><counter type="METHOD" missed="130" covered="93"/><counter type="CLASS" missed="15" covered="31"/></report>